#
# A fatal error has been detected by the Java Runtime Environment:
#
#  EXCEPTION_ACCESS_VIOLATION (0xc0000005) at pc=0x00007ffa961b50d0, pid=21000, tid=7164
#
# JRE version: OpenJDK Runtime Environment (19.0+36) (build 19+36-2238)
# Java VM: OpenJDK 64-Bit Server VM (19+36-2238, mixed mode, sharing, tiered, compressed oops, compressed class ptrs, g1 gc, windows-amd64)
# Problematic frame:
# V  [jvm.dll+0x150d0]
#
# No core dump will be written. Minidumps are not enabled by default on client versions of Windows
#
# JFR recording file will be written. Location: D:\Pierwszy program zz javy\hs_err_pid21000.jfr
#
# If you would like to submit a bug report, please visit:
#   https://bugreport.java.com/bugreport/crash.jsp
#

---------------  S U M M A R Y ------------

Command Line: -javaagent:D:\IntelliJ IDEA 2022.2.3\lib\idea_rt.jar=58540:D:\IntelliJ IDEA 2022.2.3\bin -agentpath:C:\Users\Kacper\AppData\Local\Temp\libasyncProfiler.dll=start,jfr,libdia=C:\Users\Kacper\AppData\Local\Temp\idea_msdia140_dll_temp_folder\msdia140.dll,event=cpu,interval=1ms,jfrsync=profile,file=C:\Users\Kacper\Main_2022_10_19_083144.jfr -Dfile.encoding=UTF-8 -Dsun.stdout.encoding=UTF-8 -Dsun.stderr.encoding=UTF-8 Main

Host: Intel(R) Core(TM) i7-4720HQ CPU @ 2.60GHz, 8 cores, 15G,  Windows 10 , 64 bit Build 19041 (10.0.19041.1889)
Time: Wed Oct 19 08:31:55 2022  Windows 10 , 64 bit Build 19041 (10.0.19041.1889) elapsed time: 10.761817 seconds (0d 0h 0m 10s)

---------------  T H R E A D  ---------------

Current thread (0x00000238480e22d0):  JavaThread "JFR Periodic Tasks" daemon [_thread_in_vm, id=7164, stack(0x000000cd86b00000,0x000000cd86c00000)]

Stack: [0x000000cd86b00000,0x000000cd86c00000],  sp=0x000000cd86bfef48,  free space=1019k
Native frames: (J=compiled Java code, j=interpreted, Vv=VM code, C=native code)
V  [jvm.dll+0x150d0]

Java frames: (J=compiled Java code, j=interpreted, Vv=VM code)
j  jdk.jfr.internal.JVM.emitEvent(JJJ)Z+0 jdk.jfr@19
j  jdk.jfr.internal.RequestEngine$RequestHook.execute()V+43 jdk.jfr@19
j  jdk.jfr.internal.RequestEngine.run_requests(Ljava/util/Collection;)J+133 jdk.jfr@19
j  jdk.jfr.internal.RequestEngine.doPeriodic()J+3 jdk.jfr@19
j  jdk.jfr.internal.PlatformRecorder.periodicTask()V+47 jdk.jfr@19
j  jdk.jfr.internal.PlatformRecorder.lambda$startDiskMonitor$1()V+1 jdk.jfr@19
j  jdk.jfr.internal.PlatformRecorder$$Lambda$69+0x0000000801046e48.run()V+4 jdk.jfr@19
j  java.lang.Thread.run()V+13 java.base@19
v  ~StubRoutines::call_stub 0x0000023833a4100e

siginfo: EXCEPTION_ACCESS_VIOLATION (0xc0000005), reading address 0x0000000000000000


Registers:
RAX=0x0000000000000038, RBX=0x000000070fa645b8, RCX=0x0000000000000000, RDX=0x000000000000000f
RSP=0x000000cd86bfef48, RBP=0x0000000000000007, RSI=0x0000000000000002, RDI=0x00000238480e1d80
R8 =0x1fffffffffffffff, R9 =0x00000000c0100800, R10=0x0000bc009d2a708f, R11=0x0000000000000101
R12=0x0000000000000000, R13=0x00000238480e22d0, R14=0x0000000000045298, R15=0x0000000000006f3e
RIP=0x00007ffa961b50d0, EFLAGS=0x0000000000010202


Register to memory mapping:

RIP=0x00007ffa961b50d0 jvm.dll
RAX=0x0000000000000038 is an unknown value
RBX=0x000000070fa645b8 is an oop: java.lang.String 
{0x000000070fa645b8} - klass: 'java/lang/String'
 - string: " can't be class"
 - ---- fields (total size 3 words):
 - private 'hash' 'I' @12  0
 - private final 'coder' 'B' @16  0
 - private 'hashIsZero' 'Z' @17  false
 - abstract internal 'flags' 'B' @18  0
 - private final synchronized 'value' '[B' @20  [B{0x000000070fa645d0} (e1f4c8ba)
RCX=0x0 is NULL
RDX=0x000000000000000f is an unknown value
RSP=0x000000cd86bfef48 is pointing into the stack for thread: 0x00000238480e22d0
RBP=0x0000000000000007 is an unknown value
RSI=0x0000000000000002 is an unknown value
RDI=0x00000238480e1d80 is a thread
R8 =0x1fffffffffffffff is an unknown value
R9 =0x00000000c0100800 is an unknown value
R10=0x0000bc009d2a708f is an unknown value
R11=0x0000000000000101 is an unknown value
R12=0x0 is NULL
R13=0x00000238480e22d0 is a thread
R14=0x0000000000045298 is an unknown value
R15=0x0000000000006f3e is an unknown value


Top of Stack: (sp=0x000000cd86bfef48)
0x000000cd86bfef48:   00007ffa969201ed 0000000000000000
0x000000cd86bfef58:   00007ffaf54e0800 00000238480e22d0
0x000000cd86bfef68:   000000cd86bff4a0 0000000000000000
0x000000cd86bfef78:   00007ffaf2cc26ee 000002382c45d650
0x000000cd86bfef88:   000000cd86bff020 00007ffa96b3d870
0x000000cd86bfef98:   00007ffa00006f3e 40b0f80000000000
0x000000cd86bfefa8:   40b3b60000000000 3f91e1a7a69365c6
0x000000cd86bfefb8:   3f9191b7db835a6c 3fd3333333333333
0x000000cd86bfefc8:   0000000000000000 4008000000000000
0x000000cd86bfefd8:   000000cd86bff018 401c000000000000
0x000000cd86bfefe8:   000000cd86bff300 0000000000000110
0x000000cd86bfeff8:   000000cd86bff170 00007ffa96a55810
0x000000cd86bff008:   00007ffa96a548c5 00007ffa96dbd010
0x000000cd86bff018:   00007ffa96a55810 3fd3333300000002
0x000000cd86bff028:   0000000000000002 0000000000000000
0x000000cd86bff038:   00000238480e22d0 000000cd86bff4a0 

Instructions: (pc=0x00007ffa961b50d0)
0x00007ffa961b4fd0:   ec 12 b3 00 48 83 c4 20 5b 48 ff e0 48 8d 05 ed
0x00007ffa961b4fe0:   00 00 00 48 8b cb 48 89 05 d3 12 b3 00 48 83 c4
0x00007ffa961b4ff0:   20 5b 48 ff e0 48 8d 05 d4 00 00 00 48 8b cb 48
0x00007ffa961b5000:   89 05 ba 12 b3 00 48 83 c4 20 5b 48 ff e0 48 8b
0x00007ffa961b5010:   0d bb 09 bb 00 8b 51 10 83 ea 01 0f 84 91 00 00
0x00007ffa961b5020:   00 83 ea 01 74 73 83 ea 01 74 55 83 fa 01 74 37
0x00007ffa961b5030:   4c 8d 0d 49 75 8a 00 41 b8 e2 00 00 00 48 8d 15
0x00007ffa961b5040:   74 75 8a 00 b9 00 00 00 e0 e8 72 d5 26 00 e8 5d
0x00007ffa961b5050:   92 6d 00 33 c0 48 8b cb 48 89 05 61 12 b3 00 48
0x00007ffa961b5060:   83 c4 20 5b 48 ff e0 48 8d 05 72 00 00 00 48 8b
0x00007ffa961b5070:   cb 48 89 05 48 12 b3 00 48 83 c4 20 5b 48 ff e0
0x00007ffa961b5080:   48 8d 05 49 00 00 00 48 8b cb 48 89 05 2f 12 b3
0x00007ffa961b5090:   00 48 83 c4 20 5b 48 ff e0 48 8d 05 30 00 00 00
0x00007ffa961b50a0:   48 8b cb 48 89 05 16 12 b3 00 48 83 c4 20 5b 48
0x00007ffa961b50b0:   ff e0 48 8d 05 17 00 00 00 48 8b cb 48 89 05 fd
0x00007ffa961b50c0:   11 b3 00 48 83 c4 20 5b 48 ff e0 cc cc cc cc cc
0x00007ffa961b50d0:   48 8b 01 c3 cc cc cc cc cc cc cc cc cc cc cc cc
0x00007ffa961b50e0:   48 89 5c 24 08 57 48 83 ec 20 48 8b 39 48 8b d9
0x00007ffa961b50f0:   48 85 3d a1 5b c0 00 75 0e 48 8b c7 48 8b 5c 24
0x00007ffa961b5100:   30 48 83 c4 20 5f c3 48 8b cf e8 c1 2e 87 00 48
0x00007ffa961b5110:   8b d0 48 85 c0 74 20 48 8b c7 f0 48 0f b1 13 74
0x00007ffa961b5120:   16 48 85 05 70 5b c0 00 74 0d 48 8b c8 f0 48 0f
0x00007ffa961b5130:   b1 13 48 3b c1 75 ea 48 8b 5c 24 30 48 8b c2 48
0x00007ffa961b5140:   83 c4 20 5f c3 cc cc cc cc cc cc cc cc cc cc cc
0x00007ffa961b5150:   8b 44 24 30 45 03 c9 44 2b 4c 24 28 83 c0 0b 44
0x00007ffa961b5160:   03 ca 45 03 c8 41 03 c1 c3 cc cc cc cc cc cc cc
0x00007ffa961b5170:   48 8b 41 08 0f b7 48 2a 0f b7 40 28 83 c0 48 03
0x00007ffa961b5180:   c1 c3 cc cc cc cc cc cc cc cc cc cc cc cc cc cc
0x00007ffa961b5190:   48 89 5c 24 08 57 48 83 ec 20 0f b6 05 5f 64 c0
0x00007ffa961b51a0:   00 48 8b fa 48 8b d9 84 c0 74 4f 48 85 15 e6 5a
0x00007ffa961b51b0:   c0 00 74 38 48 8b ca e8 24 31 87 00 48 8b d0 48
0x00007ffa961b51c0:   85 db 74 25 48 85 c0 74 20 48 8b c7 f0 48 0f b1 


Stack slot to memory mapping:
stack at sp + 0 slots: 0x00007ffa969201ed jvm.dll
stack at sp + 1 slots: 0x0 is NULL
stack at sp + 2 slots: 0x00007ffaf54e0800 ntdll.dll
stack at sp + 3 slots: 0x00000238480e22d0 is a thread
stack at sp + 4 slots: 0x000000cd86bff4a0 is pointing into the stack for thread: 0x00000238480e22d0
stack at sp + 5 slots: 0x0 is NULL
stack at sp + 6 slots: 0x00007ffaf2cc26ee ucrtbase.dll
stack at sp + 7 slots: 0x000002382c45d650 points into unknown readable memory: 0x000002384803a0a0 | a0 a0 03 48 38 02 00 00


---------------  P R O C E S S  ---------------

Threads class SMR info:
_java_thread_list=0x000002384e1d8f10, length=22, elements={
0x000002382c348910, 0x000002382c4ef6c0, 0x000002382c4f02b0, 0x000002382c4f4630,
0x000002382c4f5370, 0x000002382c4f5ca0, 0x000002382c500d50, 0x000002382c50c6d0,
0x00000238480dffc0, 0x00000238480e32c0, 0x00000238480e1830, 0x00000238480e12e0,
0x00000238480e3810, 0x00000238480e22d0, 0x00000238480e1d80, 0x00000238480e42b0,
0x00000238480e2d70, 0x00000238480e2820, 0x000002384e7318a0, 0x000002384e732de0,
0x000002384e731df0, 0x000002384e72f370
}

Java Threads: ( => current thread )
  0x000002382c348910 JavaThread "main" [_thread_in_native, id=8340, stack(0x000000cd85600000,0x000000cd85700000)]
  0x000002382c4ef6c0 JavaThread "Reference Handler" daemon [_thread_blocked, id=21028, stack(0x000000cd85d00000,0x000000cd85e00000)]
  0x000002382c4f02b0 JavaThread "Finalizer" daemon [_thread_blocked, id=21372, stack(0x000000cd85e00000,0x000000cd85f00000)]
  0x000002382c4f4630 JavaThread "Signal Dispatcher" daemon [_thread_blocked, id=15500, stack(0x000000cd85f00000,0x000000cd86000000)]
  0x000002382c4f5370 JavaThread "Attach Listener" daemon [_thread_blocked, id=21468, stack(0x000000cd86000000,0x000000cd86100000)]
  0x000002382c4f5ca0 JavaThread "Service Thread" daemon [_thread_blocked, id=15492, stack(0x000000cd86100000,0x000000cd86200000)]
  0x000002382c500d50 JavaThread "Monitor Deflation Thread" daemon [_thread_blocked, id=19228, stack(0x000000cd86200000,0x000000cd86300000)]
  0x000002382c50c6d0 JavaThread "C2 CompilerThread0" daemon [_thread_blocked, id=14208, stack(0x000000cd86300000,0x000000cd86400000)]
  0x00000238480dffc0 JavaThread "C1 CompilerThread0" daemon [_thread_blocked, id=22144, stack(0x000000cd86400000,0x000000cd86500000)]
  0x00000238480e32c0 JavaThread "Sweeper thread" daemon [_thread_blocked, id=14660, stack(0x000000cd86500000,0x000000cd86600000)]
  0x00000238480e1830 JavaThread "Common-Cleaner" daemon [_thread_blocked, id=22016, stack(0x000000cd86600000,0x000000cd86700000)]
  0x00000238480e12e0 JavaThread "Monitor Ctrl-Break" daemon [_thread_in_native, id=3368, stack(0x000000cd86700000,0x000000cd86800000)]
  0x00000238480e3810 JavaThread "JFR Recorder Thread" daemon [_thread_in_native, id=13560, stack(0x000000cd86900000,0x000000cd86a00000)]
=>0x00000238480e22d0 JavaThread "JFR Periodic Tasks" daemon [_thread_in_vm, id=7164, stack(0x000000cd86b00000,0x000000cd86c00000)]
  0x00000238480e1d80 JavaThread "Java threads sampler" daemon [_thread_in_native, id=10268, stack(0x000000cd87300000,0x000000cd87400000)]
  0x00000238480e42b0 JavaThread "Native threads sampler" daemon [_thread_in_native, id=10052, stack(0x000000cd87400000,0x000000cd87500000)]
  0x00000238480e2d70 JavaThread "Notification Thread" daemon [_thread_blocked, id=7044, stack(0x000000cd87600000,0x000000cd87700000)]
  0x00000238480e2820 JavaThread "Async-profiler Timer" daemon [_thread_in_native, id=10028, stack(0x000000cd87500000,0x000000cd87600000)]
  0x000002384e7318a0 JavaThread "RMI TCP Accept-0" daemon [_thread_in_native, id=11820, stack(0x000000cd87800000,0x000000cd87900000)]
  0x000002384e732de0 JavaThread "RMI TCP Connection(1)-192.168.32.1" daemon [_thread_in_native, id=11768, stack(0x000000cd87900000,0x000000cd87a00000)]
  0x000002384e731df0 JavaThread "RMI Scheduler(0)" daemon [_thread_blocked, id=3668, stack(0x000000cd87a00000,0x000000cd87b00000)]
  0x000002384e72f370 JavaThread "JMX server connection timeout 40" daemon [_thread_blocked, id=21228, stack(0x000000cd87b00000,0x000000cd87c00000)]

Other Threads:
  0x000002382c4ce4c0 VMThread "VM Thread" [stack: 0x000000cd85c00000,0x000000cd85d00000] [id=1512]
  0x000002384d9e8e60 WatcherThread "VM Periodic Task Thread" [stack: 0x000000cd87700000,0x000000cd87800000] [id=22128]
  0x000002382c3b5b10 WorkerThread "GC Thread#0" [stack: 0x000000cd85700000,0x000000cd85800000] [id=22584]
  0x000002384e120e30 WorkerThread "GC Thread#1" [stack: 0x000000cd86c00000,0x000000cd86d00000] [id=13776]
  0x000002384e121100 WorkerThread "GC Thread#2" [stack: 0x000000cd86d00000,0x000000cd86e00000] [id=11000]
  0x000002384e121970 WorkerThread "GC Thread#3" [stack: 0x000000cd86e00000,0x000000cd86f00000] [id=21944]
  0x000002384e121f10 WorkerThread "GC Thread#4" [stack: 0x000000cd86f00000,0x000000cd87000000] [id=17852]
  0x000002384e1216a0 WorkerThread "GC Thread#5" [stack: 0x000000cd87000000,0x000000cd87100000] [id=15724]
  0x000002384e121c40 WorkerThread "GC Thread#6" [stack: 0x000000cd87100000,0x000000cd87200000] [id=1664]
  0x000002384e1221e0 WorkerThread "GC Thread#7" [stack: 0x000000cd87200000,0x000000cd87300000] [id=7068]
  0x000002382c3c70f0 ConcurrentGCThread "G1 Main Marker" [stack: 0x000000cd85800000,0x000000cd85900000] [id=12208]
  0x000002382c3c7b20 WorkerThread "G1 Conc#0" [stack: 0x000000cd85900000,0x000000cd85a00000] [id=19112]
  0x000002382c460da0 ConcurrentGCThread "G1 Refine#0" [stack: 0x000000cd85a00000,0x000000cd85b00000] [id=22832]
  0x000002382c4637f0 ConcurrentGCThread "G1 Service" [stack: 0x000000cd85b00000,0x000000cd85c00000] [id=22828]

Threads with active compile tasks:

VM state: not at safepoint (normal execution)

VM Mutex/Monitor currently owned by a thread: None

Heap address: 0x0000000701400000, size: 4076 MB, Compressed Oops mode: Zero based, Oop shift amount: 3

CDS archive(s) mapped at: [0x0000000800000000-0x0000000800c40000-0x0000000800c40000), size 12845056, SharedBaseAddress: 0x0000000800000000, ArchiveRelocationMode: 0.
Compressed class space mapped at: 0x0000000801000000-0x0000000841000000, reserved size: 1073741824
Narrow klass base: 0x0000000800000000, Narrow klass shift: 0, Narrow klass range: 0x100000000

GC Precious Log:
 CardTable entry size: 512
 Card Set container configuration: InlinePtr #cards 4 size 8 Array Of Cards #cards 8 size 32 Howl #buckets 8 coarsen threshold 3686 Howl Bitmap #cards 512 size 80 coarsen threshold 460 Card regions per heap region 1 cards per card region 4096
 CPUs: 8 total, 8 available
 Memory: 16303M
 Large Page Support: Disabled
 NUMA Support: Disabled
 Compressed Oops: Enabled (Zero based)
 Heap Region Size: 2M
 Heap Min Capacity: 8M
 Heap Initial Capacity: 256M
 Heap Max Capacity: 4076M
 Pre-touch: Disabled
 Parallel Workers: 8
 Concurrent Workers: 2
 Concurrent Refinement Workers: 8
 Periodic GC: Disabled

Heap:
 garbage-first heap   total 262144K, used 11505K [0x0000000701400000, 0x0000000800000000)
  region size 2048K, 7 young (14336K), 2 survivors (4096K)
 Metaspace       used 8828K, committed 9152K, reserved 1114112K
  class space    used 911K, committed 1024K, reserved 1048576K

Heap Regions: E=young(eden), S=young(survivor), O=old, HS=humongous(starts), HC=humongous(continues), CS=collection set, F=free, OA=open archive, CA=closed archive, TAMS=top-at-mark-start (previous, next)
|   0|0x0000000701400000, 0x0000000701400000, 0x0000000701600000|  0%| F|  |TAMS 0x0000000701400000, 0x0000000701400000| Untracked 
|   1|0x0000000701600000, 0x0000000701600000, 0x0000000701800000|  0%| F|  |TAMS 0x0000000701600000, 0x0000000701600000| Untracked 
|   2|0x0000000701800000, 0x0000000701800000, 0x0000000701a00000|  0%| F|  |TAMS 0x0000000701800000, 0x0000000701800000| Untracked 
|   3|0x0000000701a00000, 0x0000000701a00000, 0x0000000701c00000|  0%| F|  |TAMS 0x0000000701a00000, 0x0000000701a00000| Untracked 
|   4|0x0000000701c00000, 0x0000000701c00000, 0x0000000701e00000|  0%| F|  |TAMS 0x0000000701c00000, 0x0000000701c00000| Untracked 
|   5|0x0000000701e00000, 0x0000000701e00000, 0x0000000702000000|  0%| F|  |TAMS 0x0000000701e00000, 0x0000000701e00000| Untracked 
|   6|0x0000000702000000, 0x0000000702000000, 0x0000000702200000|  0%| F|  |TAMS 0x0000000702000000, 0x0000000702000000| Untracked 
|   7|0x0000000702200000, 0x0000000702200000, 0x0000000702400000|  0%| F|  |TAMS 0x0000000702200000, 0x0000000702200000| Untracked 
|   8|0x0000000702400000, 0x0000000702400000, 0x0000000702600000|  0%| F|  |TAMS 0x0000000702400000, 0x0000000702400000| Untracked 
|   9|0x0000000702600000, 0x0000000702600000, 0x0000000702800000|  0%| F|  |TAMS 0x0000000702600000, 0x0000000702600000| Untracked 
|  10|0x0000000702800000, 0x0000000702800000, 0x0000000702a00000|  0%| F|  |TAMS 0x0000000702800000, 0x0000000702800000| Untracked 
|  11|0x0000000702a00000, 0x0000000702a00000, 0x0000000702c00000|  0%| F|  |TAMS 0x0000000702a00000, 0x0000000702a00000| Untracked 
|  12|0x0000000702c00000, 0x0000000702c00000, 0x0000000702e00000|  0%| F|  |TAMS 0x0000000702c00000, 0x0000000702c00000| Untracked 
|  13|0x0000000702e00000, 0x0000000702e00000, 0x0000000703000000|  0%| F|  |TAMS 0x0000000702e00000, 0x0000000702e00000| Untracked 
|  14|0x0000000703000000, 0x0000000703000000, 0x0000000703200000|  0%| F|  |TAMS 0x0000000703000000, 0x0000000703000000| Untracked 
|  15|0x0000000703200000, 0x0000000703200000, 0x0000000703400000|  0%| F|  |TAMS 0x0000000703200000, 0x0000000703200000| Untracked 
|  16|0x0000000703400000, 0x0000000703400000, 0x0000000703600000|  0%| F|  |TAMS 0x0000000703400000, 0x0000000703400000| Untracked 
|  17|0x0000000703600000, 0x0000000703600000, 0x0000000703800000|  0%| F|  |TAMS 0x0000000703600000, 0x0000000703600000| Untracked 
|  18|0x0000000703800000, 0x0000000703800000, 0x0000000703a00000|  0%| F|  |TAMS 0x0000000703800000, 0x0000000703800000| Untracked 
|  19|0x0000000703a00000, 0x0000000703a00000, 0x0000000703c00000|  0%| F|  |TAMS 0x0000000703a00000, 0x0000000703a00000| Untracked 
|  20|0x0000000703c00000, 0x0000000703c00000, 0x0000000703e00000|  0%| F|  |TAMS 0x0000000703c00000, 0x0000000703c00000| Untracked 
|  21|0x0000000703e00000, 0x0000000703e00000, 0x0000000704000000|  0%| F|  |TAMS 0x0000000703e00000, 0x0000000703e00000| Untracked 
|  22|0x0000000704000000, 0x0000000704000000, 0x0000000704200000|  0%| F|  |TAMS 0x0000000704000000, 0x0000000704000000| Untracked 
|  23|0x0000000704200000, 0x0000000704200000, 0x0000000704400000|  0%| F|  |TAMS 0x0000000704200000, 0x0000000704200000| Untracked 
|  24|0x0000000704400000, 0x0000000704400000, 0x0000000704600000|  0%| F|  |TAMS 0x0000000704400000, 0x0000000704400000| Untracked 
|  25|0x0000000704600000, 0x0000000704600000, 0x0000000704800000|  0%| F|  |TAMS 0x0000000704600000, 0x0000000704600000| Untracked 
|  26|0x0000000704800000, 0x0000000704800000, 0x0000000704a00000|  0%| F|  |TAMS 0x0000000704800000, 0x0000000704800000| Untracked 
|  27|0x0000000704a00000, 0x0000000704a00000, 0x0000000704c00000|  0%| F|  |TAMS 0x0000000704a00000, 0x0000000704a00000| Untracked 
|  28|0x0000000704c00000, 0x0000000704c00000, 0x0000000704e00000|  0%| F|  |TAMS 0x0000000704c00000, 0x0000000704c00000| Untracked 
|  29|0x0000000704e00000, 0x0000000704e00000, 0x0000000705000000|  0%| F|  |TAMS 0x0000000704e00000, 0x0000000704e00000| Untracked 
|  30|0x0000000705000000, 0x0000000705000000, 0x0000000705200000|  0%| F|  |TAMS 0x0000000705000000, 0x0000000705000000| Untracked 
|  31|0x0000000705200000, 0x0000000705200000, 0x0000000705400000|  0%| F|  |TAMS 0x0000000705200000, 0x0000000705200000| Untracked 
|  32|0x0000000705400000, 0x0000000705400000, 0x0000000705600000|  0%| F|  |TAMS 0x0000000705400000, 0x0000000705400000| Untracked 
|  33|0x0000000705600000, 0x0000000705600000, 0x0000000705800000|  0%| F|  |TAMS 0x0000000705600000, 0x0000000705600000| Untracked 
|  34|0x0000000705800000, 0x0000000705800000, 0x0000000705a00000|  0%| F|  |TAMS 0x0000000705800000, 0x0000000705800000| Untracked 
|  35|0x0000000705a00000, 0x0000000705a00000, 0x0000000705c00000|  0%| F|  |TAMS 0x0000000705a00000, 0x0000000705a00000| Untracked 
|  36|0x0000000705c00000, 0x0000000705c00000, 0x0000000705e00000|  0%| F|  |TAMS 0x0000000705c00000, 0x0000000705c00000| Untracked 
|  37|0x0000000705e00000, 0x0000000705e00000, 0x0000000706000000|  0%| F|  |TAMS 0x0000000705e00000, 0x0000000705e00000| Untracked 
|  38|0x0000000706000000, 0x0000000706000000, 0x0000000706200000|  0%| F|  |TAMS 0x0000000706000000, 0x0000000706000000| Untracked 
|  39|0x0000000706200000, 0x0000000706200000, 0x0000000706400000|  0%| F|  |TAMS 0x0000000706200000, 0x0000000706200000| Untracked 
|  40|0x0000000706400000, 0x0000000706400000, 0x0000000706600000|  0%| F|  |TAMS 0x0000000706400000, 0x0000000706400000| Untracked 
|  41|0x0000000706600000, 0x0000000706600000, 0x0000000706800000|  0%| F|  |TAMS 0x0000000706600000, 0x0000000706600000| Untracked 
|  42|0x0000000706800000, 0x0000000706800000, 0x0000000706a00000|  0%| F|  |TAMS 0x0000000706800000, 0x0000000706800000| Untracked 
|  43|0x0000000706a00000, 0x0000000706a00000, 0x0000000706c00000|  0%| F|  |TAMS 0x0000000706a00000, 0x0000000706a00000| Untracked 
|  44|0x0000000706c00000, 0x0000000706c00000, 0x0000000706e00000|  0%| F|  |TAMS 0x0000000706c00000, 0x0000000706c00000| Untracked 
|  45|0x0000000706e00000, 0x0000000706e00000, 0x0000000707000000|  0%| F|  |TAMS 0x0000000706e00000, 0x0000000706e00000| Untracked 
|  46|0x0000000707000000, 0x0000000707000000, 0x0000000707200000|  0%| F|  |TAMS 0x0000000707000000, 0x0000000707000000| Untracked 
|  47|0x0000000707200000, 0x0000000707200000, 0x0000000707400000|  0%| F|  |TAMS 0x0000000707200000, 0x0000000707200000| Untracked 
|  48|0x0000000707400000, 0x0000000707400000, 0x0000000707600000|  0%| F|  |TAMS 0x0000000707400000, 0x0000000707400000| Untracked 
|  49|0x0000000707600000, 0x0000000707600000, 0x0000000707800000|  0%| F|  |TAMS 0x0000000707600000, 0x0000000707600000| Untracked 
|  50|0x0000000707800000, 0x0000000707800000, 0x0000000707a00000|  0%| F|  |TAMS 0x0000000707800000, 0x0000000707800000| Untracked 
|  51|0x0000000707a00000, 0x0000000707a00000, 0x0000000707c00000|  0%| F|  |TAMS 0x0000000707a00000, 0x0000000707a00000| Untracked 
|  52|0x0000000707c00000, 0x0000000707c00000, 0x0000000707e00000|  0%| F|  |TAMS 0x0000000707c00000, 0x0000000707c00000| Untracked 
|  53|0x0000000707e00000, 0x0000000707e00000, 0x0000000708000000|  0%| F|  |TAMS 0x0000000707e00000, 0x0000000707e00000| Untracked 
|  54|0x0000000708000000, 0x0000000708000000, 0x0000000708200000|  0%| F|  |TAMS 0x0000000708000000, 0x0000000708000000| Untracked 
|  55|0x0000000708200000, 0x0000000708200000, 0x0000000708400000|  0%| F|  |TAMS 0x0000000708200000, 0x0000000708200000| Untracked 
|  56|0x0000000708400000, 0x0000000708400000, 0x0000000708600000|  0%| F|  |TAMS 0x0000000708400000, 0x0000000708400000| Untracked 
|  57|0x0000000708600000, 0x0000000708600000, 0x0000000708800000|  0%| F|  |TAMS 0x0000000708600000, 0x0000000708600000| Untracked 
|  58|0x0000000708800000, 0x0000000708800000, 0x0000000708a00000|  0%| F|  |TAMS 0x0000000708800000, 0x0000000708800000| Untracked 
|  59|0x0000000708a00000, 0x0000000708a00000, 0x0000000708c00000|  0%| F|  |TAMS 0x0000000708a00000, 0x0000000708a00000| Untracked 
|  60|0x0000000708c00000, 0x0000000708c00000, 0x0000000708e00000|  0%| F|  |TAMS 0x0000000708c00000, 0x0000000708c00000| Untracked 
|  61|0x0000000708e00000, 0x0000000708e00000, 0x0000000709000000|  0%| F|  |TAMS 0x0000000708e00000, 0x0000000708e00000| Untracked 
|  62|0x0000000709000000, 0x0000000709000000, 0x0000000709200000|  0%| F|  |TAMS 0x0000000709000000, 0x0000000709000000| Untracked 
|  63|0x0000000709200000, 0x0000000709200000, 0x0000000709400000|  0%| F|  |TAMS 0x0000000709200000, 0x0000000709200000| Untracked 
|  64|0x0000000709400000, 0x0000000709400000, 0x0000000709600000|  0%| F|  |TAMS 0x0000000709400000, 0x0000000709400000| Untracked 
|  65|0x0000000709600000, 0x0000000709600000, 0x0000000709800000|  0%| F|  |TAMS 0x0000000709600000, 0x0000000709600000| Untracked 
|  66|0x0000000709800000, 0x0000000709800000, 0x0000000709a00000|  0%| F|  |TAMS 0x0000000709800000, 0x0000000709800000| Untracked 
|  67|0x0000000709a00000, 0x0000000709a00000, 0x0000000709c00000|  0%| F|  |TAMS 0x0000000709a00000, 0x0000000709a00000| Untracked 
|  68|0x0000000709c00000, 0x0000000709c00000, 0x0000000709e00000|  0%| F|  |TAMS 0x0000000709c00000, 0x0000000709c00000| Untracked 
|  69|0x0000000709e00000, 0x0000000709e00000, 0x000000070a000000|  0%| F|  |TAMS 0x0000000709e00000, 0x0000000709e00000| Untracked 
|  70|0x000000070a000000, 0x000000070a000000, 0x000000070a200000|  0%| F|  |TAMS 0x000000070a000000, 0x000000070a000000| Untracked 
|  71|0x000000070a200000, 0x000000070a200000, 0x000000070a400000|  0%| F|  |TAMS 0x000000070a200000, 0x000000070a200000| Untracked 
|  72|0x000000070a400000, 0x000000070a400000, 0x000000070a600000|  0%| F|  |TAMS 0x000000070a400000, 0x000000070a400000| Untracked 
|  73|0x000000070a600000, 0x000000070a600000, 0x000000070a800000|  0%| F|  |TAMS 0x000000070a600000, 0x000000070a600000| Untracked 
|  74|0x000000070a800000, 0x000000070a800000, 0x000000070aa00000|  0%| F|  |TAMS 0x000000070a800000, 0x000000070a800000| Untracked 
|  75|0x000000070aa00000, 0x000000070aa00000, 0x000000070ac00000|  0%| F|  |TAMS 0x000000070aa00000, 0x000000070aa00000| Untracked 
|  76|0x000000070ac00000, 0x000000070ac00000, 0x000000070ae00000|  0%| F|  |TAMS 0x000000070ac00000, 0x000000070ac00000| Untracked 
|  77|0x000000070ae00000, 0x000000070ae00000, 0x000000070b000000|  0%| F|  |TAMS 0x000000070ae00000, 0x000000070ae00000| Untracked 
|  78|0x000000070b000000, 0x000000070b000000, 0x000000070b200000|  0%| F|  |TAMS 0x000000070b000000, 0x000000070b000000| Untracked 
|  79|0x000000070b200000, 0x000000070b200000, 0x000000070b400000|  0%| F|  |TAMS 0x000000070b200000, 0x000000070b200000| Untracked 
|  80|0x000000070b400000, 0x000000070b400000, 0x000000070b600000|  0%| F|  |TAMS 0x000000070b400000, 0x000000070b400000| Untracked 
|  81|0x000000070b600000, 0x000000070b600000, 0x000000070b800000|  0%| F|  |TAMS 0x000000070b600000, 0x000000070b600000| Untracked 
|  82|0x000000070b800000, 0x000000070b800000, 0x000000070ba00000|  0%| F|  |TAMS 0x000000070b800000, 0x000000070b800000| Untracked 
|  83|0x000000070ba00000, 0x000000070ba00000, 0x000000070bc00000|  0%| F|  |TAMS 0x000000070ba00000, 0x000000070ba00000| Untracked 
|  84|0x000000070bc00000, 0x000000070bc00000, 0x000000070be00000|  0%| F|  |TAMS 0x000000070bc00000, 0x000000070bc00000| Untracked 
|  85|0x000000070be00000, 0x000000070be00000, 0x000000070c000000|  0%| F|  |TAMS 0x000000070be00000, 0x000000070be00000| Untracked 
|  86|0x000000070c000000, 0x000000070c000000, 0x000000070c200000|  0%| F|  |TAMS 0x000000070c000000, 0x000000070c000000| Untracked 
|  87|0x000000070c200000, 0x000000070c200000, 0x000000070c400000|  0%| F|  |TAMS 0x000000070c200000, 0x000000070c200000| Untracked 
|  88|0x000000070c400000, 0x000000070c400000, 0x000000070c600000|  0%| F|  |TAMS 0x000000070c400000, 0x000000070c400000| Untracked 
|  89|0x000000070c600000, 0x000000070c600000, 0x000000070c800000|  0%| F|  |TAMS 0x000000070c600000, 0x000000070c600000| Untracked 
|  90|0x000000070c800000, 0x000000070c800000, 0x000000070ca00000|  0%| F|  |TAMS 0x000000070c800000, 0x000000070c800000| Untracked 
|  91|0x000000070ca00000, 0x000000070ca00000, 0x000000070cc00000|  0%| F|  |TAMS 0x000000070ca00000, 0x000000070ca00000| Untracked 
|  92|0x000000070cc00000, 0x000000070cc00000, 0x000000070ce00000|  0%| F|  |TAMS 0x000000070cc00000, 0x000000070cc00000| Untracked 
|  93|0x000000070ce00000, 0x000000070ce00000, 0x000000070d000000|  0%| F|  |TAMS 0x000000070ce00000, 0x000000070ce00000| Untracked 
|  94|0x000000070d000000, 0x000000070d000000, 0x000000070d200000|  0%| F|  |TAMS 0x000000070d000000, 0x000000070d000000| Untracked 
|  95|0x000000070d200000, 0x000000070d200000, 0x000000070d400000|  0%| F|  |TAMS 0x000000070d200000, 0x000000070d200000| Untracked 
|  96|0x000000070d400000, 0x000000070d400000, 0x000000070d600000|  0%| F|  |TAMS 0x000000070d400000, 0x000000070d400000| Untracked 
|  97|0x000000070d600000, 0x000000070d600000, 0x000000070d800000|  0%| F|  |TAMS 0x000000070d600000, 0x000000070d600000| Untracked 
|  98|0x000000070d800000, 0x000000070d800000, 0x000000070da00000|  0%| F|  |TAMS 0x000000070d800000, 0x000000070d800000| Untracked 
|  99|0x000000070da00000, 0x000000070da00000, 0x000000070dc00000|  0%| F|  |TAMS 0x000000070da00000, 0x000000070da00000| Untracked 
| 100|0x000000070dc00000, 0x000000070dc00000, 0x000000070de00000|  0%| F|  |TAMS 0x000000070dc00000, 0x000000070dc00000| Untracked 
| 101|0x000000070de00000, 0x000000070de00000, 0x000000070e000000|  0%| F|  |TAMS 0x000000070de00000, 0x000000070de00000| Untracked 
| 102|0x000000070e000000, 0x000000070e000000, 0x000000070e200000|  0%| F|  |TAMS 0x000000070e000000, 0x000000070e000000| Untracked 
| 103|0x000000070e200000, 0x000000070e200000, 0x000000070e400000|  0%| F|  |TAMS 0x000000070e200000, 0x000000070e200000| Untracked 
| 104|0x000000070e400000, 0x000000070e400000, 0x000000070e600000|  0%| F|  |TAMS 0x000000070e400000, 0x000000070e400000| Untracked 
| 105|0x000000070e600000, 0x000000070e600000, 0x000000070e800000|  0%| F|  |TAMS 0x000000070e600000, 0x000000070e600000| Untracked 
| 106|0x000000070e800000, 0x000000070e800000, 0x000000070ea00000|  0%| F|  |TAMS 0x000000070e800000, 0x000000070e800000| Untracked 
| 107|0x000000070ea00000, 0x000000070ea00000, 0x000000070ec00000|  0%| F|  |TAMS 0x000000070ea00000, 0x000000070ea00000| Untracked 
| 108|0x000000070ec00000, 0x000000070ec00000, 0x000000070ee00000|  0%| F|  |TAMS 0x000000070ec00000, 0x000000070ec00000| Untracked 
| 109|0x000000070ee00000, 0x000000070ee00000, 0x000000070f000000|  0%| F|  |TAMS 0x000000070ee00000, 0x000000070ee00000| Untracked 
| 110|0x000000070f000000, 0x000000070f000000, 0x000000070f200000|  0%| F|  |TAMS 0x000000070f000000, 0x000000070f000000| Untracked 
| 111|0x000000070f200000, 0x000000070f200000, 0x000000070f400000|  0%| F|  |TAMS 0x000000070f200000, 0x000000070f200000| Untracked 
| 112|0x000000070f400000, 0x000000070f400000, 0x000000070f600000|  0%| F|  |TAMS 0x000000070f400000, 0x000000070f400000| Untracked 
| 113|0x000000070f600000, 0x000000070f600000, 0x000000070f800000|  0%| F|  |TAMS 0x000000070f600000, 0x000000070f600000| Untracked 
| 114|0x000000070f800000, 0x000000070f800000, 0x000000070fa00000|  0%| F|  |TAMS 0x000000070f800000, 0x000000070f800000| Untracked 
| 115|0x000000070fa00000, 0x000000070fb3c7e8, 0x000000070fc00000| 61%| S|CS|TAMS 0x000000070fa00000, 0x000000070fa00000| Complete 
| 116|0x000000070fc00000, 0x000000070fe00000, 0x000000070fe00000|100%| S|CS|TAMS 0x000000070fc00000, 0x000000070fc00000| Complete 
| 117|0x000000070fe00000, 0x000000070fe00000, 0x0000000710000000|  0%| F|  |TAMS 0x000000070fe00000, 0x000000070fe00000| Untracked 
| 118|0x0000000710000000, 0x0000000710000000, 0x0000000710200000|  0%| F|  |TAMS 0x0000000710000000, 0x0000000710000000| Untracked 
| 119|0x0000000710200000, 0x0000000710200000, 0x0000000710400000|  0%| F|  |TAMS 0x0000000710200000, 0x0000000710200000| Untracked 
| 120|0x0000000710400000, 0x0000000710400000, 0x0000000710600000|  0%| F|  |TAMS 0x0000000710400000, 0x0000000710400000| Untracked 
| 121|0x0000000710600000, 0x0000000710600000, 0x0000000710800000|  0%| F|  |TAMS 0x0000000710600000, 0x0000000710600000| Untracked 
| 122|0x0000000710800000, 0x0000000710800000, 0x0000000710a00000|  0%| F|  |TAMS 0x0000000710800000, 0x0000000710800000| Untracked 
| 123|0x0000000710a00000, 0x0000000710b5c010, 0x0000000710c00000| 67%| E|  |TAMS 0x0000000710a00000, 0x0000000710a00000| Complete 
| 124|0x0000000710c00000, 0x0000000710e00000, 0x0000000710e00000|100%| E|CS|TAMS 0x0000000710c00000, 0x0000000710c00000| Complete 
| 125|0x0000000710e00000, 0x0000000711000000, 0x0000000711000000|100%| E|CS|TAMS 0x0000000710e00000, 0x0000000710e00000| Complete 
| 126|0x0000000711000000, 0x0000000711200000, 0x0000000711200000|100%| E|CS|TAMS 0x0000000711000000, 0x0000000711000000| Complete 
| 127|0x0000000711200000, 0x0000000711400000, 0x0000000711400000|100%| E|CS|TAMS 0x0000000711200000, 0x0000000711200000| Complete 

Card table byte_map: [0x000002383c770000,0x000002383cf70000] _byte_map_base: 0x0000023838f66000

Marking Bits (Prev, Next): (CMBitMap*) 0x000002382c3b6140, (CMBitMap*) 0x000002382c3b6180
 Prev Bits: [0x000002383d770000, 0x0000023841720000)
 Next Bits: [0x0000023841720000, 0x00000238456d0000)

Polling page: 0x0000023822140000

Metaspace:

Usage:
  Non-class:      7.73 MB used.
      Class:    911.28 KB used.
       Both:      8.62 MB used.

Virtual space:
  Non-class space:       64.00 MB reserved,       7.94 MB ( 12%) committed,  1 nodes.
      Class space:        1.00 GB reserved,       1.00 MB ( <1%) committed,  1 nodes.
             Both:        1.06 GB reserved,       8.94 MB ( <1%) committed. 

Chunk freelists:
   Non-Class:  56.00 KB
       Class:  3.01 MB
        Both:  3.06 MB

MaxMetaspaceSize: unlimited
CompressedClassSpaceSize: 1.00 GB
Initial GC threshold: 21.00 MB
Current GC threshold: 21.00 MB
CDS: on
MetaspaceReclaimPolicy: balanced
 - commit_granule_bytes: 65536.
 - commit_granule_words: 8192.
 - virtual_space_node_default_size: 8388608.
 - enlarge_chunks_in_place: 1.
 - new_chunks_are_fully_committed: 0.
 - uncommit_free_chunks: 1.
 - use_allocation_guard: 0.


Internal statistics:

num_allocs_failed_limit: 0.
num_arena_births: 314.
num_arena_deaths: 0.
num_vsnodes_births: 2.
num_vsnodes_deaths: 0.
num_space_committed: 143.
num_space_uncommitted: 0.
num_chunks_returned_to_freelist: 0.
num_chunks_taken_from_freelist: 439.
num_chunk_merges: 0.
num_chunk_splits: 240.
num_chunks_enlarged: 60.
num_inconsistent_stats: 0.

CodeHeap 'non-profiled nmethods': size=120000Kb used=931Kb max_used=931Kb free=119069Kb
 bounds [0x0000023833fe0000, 0x0000023834250000, 0x000002383b510000]
CodeHeap 'profiled nmethods': size=120000Kb used=4014Kb max_used=4014Kb free=115985Kb
 bounds [0x000002382c510000, 0x000002382c900000, 0x0000023833a40000]
CodeHeap 'non-nmethods': size=5760Kb used=1285Kb max_used=1326Kb free=4474Kb
 bounds [0x0000023833a40000, 0x0000023833cb0000, 0x0000023833fe0000]
 total_blobs=2466 nmethods=1962 adapters=414
 compilation: enabled
              stopped_count=0, restarted_count=0
 full_count=0

Compilation events (20 events):
Event: 9.705 Thread 0x00000238480dffc0 nmethod 1960 0x000002382c8f7190 code [0x000002382c8f7340, 0x000002382c8f7658]
Event: 9.705 Thread 0x00000238480dffc0 1961       3       java.lang.ClassValue::getCacheCarefully (20 bytes)
Event: 9.706 Thread 0x00000238480dffc0 nmethod 1961 0x000002382c8f7890 code [0x000002382c8f7a40, 0x000002382c8f7bd8]
Event: 9.706 Thread 0x00000238480dffc0 1962       3       java.lang.ClassValue$ClassValueMap::probeHomeLocation (13 bytes)
Event: 9.706 Thread 0x00000238480dffc0 nmethod 1962 0x000002382c8f7d90 code [0x000002382c8f7f40, 0x000002382c8f8198]
Event: 9.706 Thread 0x00000238480dffc0 1963       3       java.lang.ClassValue$ClassValueMap::loadFromCache (9 bytes)
Event: 9.706 Thread 0x000002382c50c6d0 nmethod 1958 0x00000238340c7b90 code [0x00000238340c7d20, 0x00000238340c7e98]
Event: 9.706 Thread 0x00000238480dffc0 nmethod 1963 0x000002382c8f8390 code [0x000002382c8f8520, 0x000002382c8f8638]
Event: 9.706 Thread 0x00000238480dffc0 1964       3       java.lang.ClassValue::castEntry (2 bytes)
Event: 9.706 Thread 0x00000238480dffc0 nmethod 1964 0x000002382c8f8790 code [0x000002382c8f8920, 0x000002382c8f8a38]
Event: 9.706 Thread 0x00000238480dffc0 1957       1       jdk.jfr.internal.PlatformEventType::getThresholdTicks (5 bytes)
Event: 9.706 Thread 0x00000238480dffc0 nmethod 1957 0x00000238340c8190 code [0x00000238340c8320, 0x00000238340c83d8]
Event: 10.708 Thread 0x00000238480dffc0 1965       3       java.io.ObjectInputStream$PeekInputStream::read (47 bytes)
Event: 10.708 Thread 0x00000238480dffc0 nmethod 1965 0x000002382c8f8b10 code [0x000002382c8f8cc0, 0x000002382c8f8f88]
Event: 10.732 Thread 0x00000238480dffc0 1966       3       java.io.Bits::putLong (86 bytes)
Event: 10.732 Thread 0x000002382c50c6d0 1967       4       java.util.Objects::checkFromIndexSize (8 bytes)
Event: 10.732 Thread 0x00000238480dffc0 nmethod 1966 0x000002382c8f9190 code [0x000002382c8f9340, 0x000002382c8f95b8]
Event: 10.733 Thread 0x000002382c50c6d0 nmethod 1967 0x00000238340c8490 code [0x00000238340c8620, 0x00000238340c86d8]
Event: 10.735 Thread 0x00000238480dffc0 1968   !   3       java.io.ObjectInputStream$BlockDataInputStream::readUTFSpan (502 bytes)
Event: 10.736 Thread 0x00000238480dffc0 nmethod 1968 0x000002382c8f9810 code [0x000002382c8f9ac0, 0x000002382c8faa88]

GC Heap History (2 events):
Event: 0.825 GC heap before
{Heap before GC invocations=0 (full 0):
 garbage-first heap   total 262144K, used 22528K [0x0000000701400000, 0x0000000800000000)
  region size 2048K, 11 young (22528K), 0 survivors (0K)
 Metaspace       used 5466K, committed 5632K, reserved 1114112K
  class space    used 525K, committed 640K, reserved 1048576K
}
Event: 0.830 GC heap after
{Heap after GC invocations=1 (full 0):
 garbage-first heap   total 262144K, used 3313K [0x0000000701400000, 0x0000000800000000)
  region size 2048K, 2 young (4096K), 2 survivors (4096K)
 Metaspace       used 5466K, committed 5632K, reserved 1114112K
  class space    used 525K, committed 640K, reserved 1048576K
}

Dll operation events (20 events):
Event: 0.116 Loaded shared library C:\Users\Kacper\.jdks\openjdk-19\bin\instrument.dll
Event: 0.126 Loaded shared library C:\Users\Kacper\.jdks\openjdk-19\bin\net.dll
Event: 0.129 Loaded shared library C:\Users\Kacper\.jdks\openjdk-19\bin\nio.dll
Event: 0.134 Loaded shared library C:\Users\Kacper\.jdks\openjdk-19\bin\zip.dll
Event: 0.147 Loaded shared library D:\IntelliJ IDEA 2022.2.3\bin\breakgen64.dll
Event: 0.159 Loaded shared library C:\Users\Kacper\.jdks\openjdk-19\bin\extnet.dll
Event: 0.232 Loaded shared library C:\Users\Kacper\.jdks\openjdk-19\bin\jimage.dll
Event: 0.748 Loaded shared library C:\Users\Kacper\.jdks\openjdk-19\bin\management.dll
Event: 0.771 Loaded shared library C:\Users\Kacper\.jdks\openjdk-19\bin\management_ext.dll
Event: 1.727 Loaded shared library C:\WINDOWS\system32\pdh.dll
Event: 3.182 Loaded shared library C:\WINDOWS\system32\pdh.dll
Event: 4.188 Loaded shared library C:\WINDOWS\system32\pdh.dll
Event: 5.196 Loaded shared library C:\WINDOWS\system32\pdh.dll
Event: 5.733 Loaded shared library C:\WINDOWS\system32\iphlpapi.dll
Event: 6.198 Loaded shared library C:\WINDOWS\system32\pdh.dll
Event: 7.205 Loaded shared library C:\WINDOWS\system32\pdh.dll
Event: 8.212 Loaded shared library C:\WINDOWS\system32\pdh.dll
Event: 9.218 Loaded shared library C:\WINDOWS\system32\pdh.dll
Event: 10.224 Loaded shared library C:\WINDOWS\system32\pdh.dll
Event: 10.732 Loaded shared library C:\WINDOWS\system32\pdh.dll

Deoptimization events (20 events):
Event: 1.001 Thread 0x000002382c348910 DEOPT PACKING pc=0x0000023834091010 sp=0x000000cd856ff1a0
Event: 1.001 Thread 0x000002382c348910 DEOPT UNPACKING pc=0x0000023833aa6da3 sp=0x000000cd856ff058 mode 2
Event: 1.120 Thread 0x000002382c4f5370 Uncommon trap: trap_request=0xffffffde fr.pc=0x000002383402f334 relative=0x0000000000001054
Event: 1.120 Thread 0x000002382c4f5370 Uncommon trap: reason=class_check action=maybe_recompile pc=0x000002383402f334 method=java.util.HashMap.putVal(ILjava/lang/Object;Ljava/lang/Object;ZZ)Ljava/lang/Object; @ 91 c2
Event: 1.120 Thread 0x000002382c4f5370 DEOPT PACKING pc=0x000002383402f334 sp=0x000000cd860fd940
Event: 1.121 Thread 0x000002382c4f5370 DEOPT UNPACKING pc=0x0000023833aa6da3 sp=0x000000cd860fd8e8 mode 2
Event: 1.315 Thread 0x000002384e732de0 Uncommon trap: trap_request=0xffffffcc fr.pc=0x0000023834098140 relative=0x0000000000000220
Event: 1.315 Thread 0x000002384e732de0 Uncommon trap: reason=intrinsic_or_type_checked_inlining action=make_not_entrant pc=0x0000023834098140 method=java.util.Arrays.copyOf([Ljava/lang/Object;ILjava/lang/Class;)[Ljava/lang/Object; @ 35 c2
Event: 1.315 Thread 0x000002384e732de0 DEOPT PACKING pc=0x0000023834098140 sp=0x000000cd879fe340
Event: 1.315 Thread 0x000002384e732de0 DEOPT UNPACKING pc=0x0000023833aa6da3 sp=0x000000cd879fe2f8 mode 2
Event: 1.332 Thread 0x000002384e732de0 Uncommon trap: trap_request=0xffffff45 fr.pc=0x00000238340affcc relative=0x00000000000001ac
Event: 1.333 Thread 0x000002384e732de0 Uncommon trap: reason=unstable_if action=reinterpret pc=0x00000238340affcc method=jdk.jfr.internal.event.EventWriter.putUncheckedLong(J)V @ 109 c2
Event: 1.333 Thread 0x000002384e732de0 DEOPT PACKING pc=0x00000238340affcc sp=0x000000cd879fef00
Event: 1.333 Thread 0x000002384e732de0 DEOPT UNPACKING pc=0x0000023833aa6da3 sp=0x000000cd879fee88 mode 2
Event: 1.341 Thread 0x000002384e732de0 Uncommon trap: trap_request=0xffffff45 fr.pc=0x00000238340ad550 relative=0x00000000000004f0
Event: 1.341 Thread 0x000002384e732de0 Uncommon trap: reason=unstable_if action=reinterpret pc=0x00000238340ad550 method=jdk.internal.org.objectweb.asm.MethodWriter.visitVarInsn(II)V @ 242 c2
Event: 1.341 Thread 0x000002384e732de0 DEOPT PACKING pc=0x00000238340ad550 sp=0x000000cd879fd4c0
Event: 1.341 Thread 0x000002384e732de0 DEOPT UNPACKING pc=0x0000023833aa6da3 sp=0x000000cd879fd480 mode 2
Event: 5.381 Thread 0x000002384e732de0 DEOPT PACKING pc=0x000002382c77813e sp=0x000000cd879fe420
Event: 5.381 Thread 0x000002384e732de0 DEOPT UNPACKING pc=0x0000023833aa7543 sp=0x000000cd879fd898 mode 0

Classes loaded (20 events):
Event: 1.311 Loading class javax/management/MalformedObjectNameException
Event: 1.311 Loading class javax/management/MalformedObjectNameException done
Event: 1.316 Loading class javax/management/remote/rmi/RMIConnectionImpl$PrivilegedOperation
Event: 1.316 Loading class javax/management/remote/rmi/RMIConnectionImpl$PrivilegedOperation done
Event: 1.337 Loading class sun/reflect/misc/MethodUtil
Event: 1.337 Loading class sun/reflect/misc/MethodUtil done
Event: 1.337 Loading class sun/reflect/misc/MethodUtil$1
Event: 1.337 Loading class sun/reflect/misc/MethodUtil$1 done
Event: 1.337 Loading class java/security/AllPermissionCollection
Event: 1.337 Loading class java/security/AllPermissionCollection done
Event: 1.338 Loading class java/lang/UnsupportedOperationException
Event: 1.338 Loading class java/lang/UnsupportedOperationException done
Event: 2.263 Loading class java/lang/NumberFormatException
Event: 2.263 Loading class java/lang/NumberFormatException done
Event: 2.274 Loading class javax/management/openmbean/CompositeDataSupport
Event: 2.274 Loading class javax/management/openmbean/CompositeDataSupport done
Event: 2.275 Loading class javax/management/openmbean/OpenDataException
Event: 2.275 Loading class javax/management/openmbean/OpenDataException done
Event: 2.280 Loading class java/io/ObjectStreamException
Event: 2.280 Loading class java/io/ObjectStreamException done

Classes unloaded (0 events):
No events

Classes redefined (20 events):
Event: 0.710 Thread 0x000002382c4ce4c0 redefined class name=sun.nio.ch.FileChannelImpl, count=1
Event: 0.710 Thread 0x000002382c4ce4c0 redefined class name=java.net.Socket$SocketInputStream, count=1
Event: 0.710 Thread 0x000002382c4ce4c0 redefined class name=java.net.Socket$SocketOutputStream, count=1
Event: 0.710 Thread 0x000002382c4ce4c0 redefined class name=sun.nio.ch.SocketChannelImpl, count=1
Event: 0.710 Thread 0x000002382c4ce4c0 redefined class name=java.lang.Throwable, count=1
Event: 0.710 Thread 0x000002382c4ce4c0 redefined class name=java.lang.Error, count=2
Event: 0.834 Thread 0x000002382c4ce4c0 redefined class name=jdk.internal.event.VirtualThreadSubmitFailedEvent, count=1
Event: 0.834 Thread 0x000002382c4ce4c0 redefined class name=jdk.internal.event.VirtualThreadPinnedEvent, count=1
Event: 0.834 Thread 0x000002382c4ce4c0 redefined class name=jdk.internal.event.ThreadSleepEvent, count=1
Event: 0.834 Thread 0x000002382c4ce4c0 redefined class name=jdk.internal.event.ProcessStartEvent, count=1
Event: 0.834 Thread 0x000002382c4ce4c0 redefined class name=jdk.jfr.events.DirectBufferStatisticsEvent, count=1
Event: 0.834 Thread 0x000002382c4ce4c0 redefined class name=jdk.jfr.events.ActiveRecordingEvent, count=1
Event: 0.834 Thread 0x000002382c4ce4c0 redefined class name=jdk.jfr.events.ActiveSettingEvent, count=1
Event: 0.834 Thread 0x000002382c4ce4c0 redefined class name=jdk.jfr.events.ErrorThrownEvent, count=1
Event: 0.834 Thread 0x000002382c4ce4c0 redefined class name=jdk.jfr.events.ExceptionStatisticsEvent, count=1
Event: 0.834 Thread 0x000002382c4ce4c0 redefined class name=jdk.jfr.events.SocketWriteEvent, count=1
Event: 0.834 Thread 0x000002382c4ce4c0 redefined class name=jdk.jfr.events.SocketReadEvent, count=1
Event: 0.834 Thread 0x000002382c4ce4c0 redefined class name=jdk.jfr.events.FileWriteEvent, count=1
Event: 0.834 Thread 0x000002382c4ce4c0 redefined class name=jdk.jfr.events.FileReadEvent, count=1
Event: 0.834 Thread 0x000002382c4ce4c0 redefined class name=jdk.jfr.events.FileForceEvent, count=1

Internal exceptions (20 events):
Event: 0.745 Thread 0x000002382c348910 Exception <a 'sun/nio/fs/WindowsException'{0x0000000710351458}> (0x0000000710351458) 
thrown [s\open\src\hotspot\share\prims\jni.cpp, line 517]
Event: 0.745 Thread 0x000002382c348910 Exception <a 'sun/nio/fs/WindowsException'{0x0000000710351788}> (0x0000000710351788) 
thrown [s\open\src\hotspot\share\prims\jni.cpp, line 517]
Event: 0.750 Thread 0x000002382c348910 Exception <a 'java/lang/NoSuchMethodError'{0x0000000710359d58}: 'void java.lang.invoke.DirectMethodHandle$Holder.invokeSpecial(java.lang.Object, java.lang.Object, java.lang.Object)'> (0x0000000710359d58) 
thrown [s\open\src\hotspot\share\interpreter\linkResolver.cpp, line 774]
Event: 0.777 Thread 0x000002382c4f5370 Exception <a 'java/lang/NoSuchMethodError'{0x0000000710399898}: 'int java.lang.invoke.DirectMethodHandle$Holder.invokeInterface(java.lang.Object, java.lang.Object)'> (0x0000000710399898) 
thrown [s\open\src\hotspot\share\interpreter\linkResolver.cpp, line 774]
Event: 0.777 Thread 0x000002382c4f5370 Exception <a 'java/lang/IncompatibleClassChangeError'{0x000000071039cd80}: Found class java.lang.Object, but interface was expected> (0x000000071039cd80) 
thrown [s\open\src\hotspot\share\interpreter\linkResolver.cpp, line 841]
Event: 1.032 Thread 0x000002382c4f5370 Exception <a 'java/lang/NoSuchMethodError'{0x0000000710f915a8}: 'java.lang.Object java.lang.invoke.DirectMethodHandle$Holder.invokeStaticInit(java.lang.Object, int, int, int, int)'> (0x0000000710f915a8) 
thrown [s\open\src\hotspot\share\interpreter\linkResolver.cpp, line 774]
Event: 1.094 Thread 0x000002382c4f5370 Exception <a 'java/lang/NoSuchMethodError'{0x0000000710c48680}: 'java.lang.Object java.lang.invoke.DirectMethodHandle$Holder.invokeStaticInit(java.lang.Object, java.lang.Object, int, int, int, int)'> (0x0000000710c48680) 
thrown [s\open\src\hotspot\share\interpreter\linkResolver.cpp, line 774]
Event: 1.112 Thread 0x000002382c4f5370 Exception <a 'java/lang/ClassNotFoundException'{0x0000000710c68450}: javax/management/remote/rmi/RMIServerImpl_Skel> (0x0000000710c68450) 
thrown [s\open\src\hotspot\share\classfile\systemDictionary.cpp, line 255]
Event: 1.131 Thread 0x000002382c4f5370 Exception <a 'java/lang/NoSuchMethodError'{0x0000000710c826b8}: 'long java.lang.invoke.DirectMethodHandle$Holder.invokeSpecial(java.lang.Object, java.lang.Object)'> (0x0000000710c826b8) 
thrown [s\open\src\hotspot\share\interpreter\linkResolver.cpp, line 774]
Event: 1.132 Thread 0x000002382c4f5370 Exception <a 'java/lang/NoSuchMethodError'{0x0000000710c85e10}: 'long java.lang.invoke.Invokers$Holder.invokeExact_MT(java.lang.Object, java.lang.Object)'> (0x0000000710c85e10) 
thrown [s\open\src\hotspot\share\interpreter\linkResolver.cpp, line 774]
Event: 1.260 Thread 0x000002384e732de0 Exception <a 'java/lang/NoSuchMethodError'{0x0000000710d56d80}: static [B.<clinit>()V> (0x0000000710d56d80) 
thrown [s\open\src\hotspot\share\prims\jni.cpp, line 1107]
Event: 1.265 Thread 0x000002384e732de0 Exception <a 'java/lang/NoSuchMethodError'{0x0000000710d5b5c0}: 'java.lang.Object java.lang.invoke.DirectMethodHandle$Holder.invokeInterface(java.lang.Object, java.lang.Object, java.lang.Object)'> (0x0000000710d5b5c0) 
thrown [s\open\src\hotspot\share\interpreter\linkResolver.cpp, line 774]
Event: 1.280 Thread 0x000002384e732de0 Exception <a 'java/lang/ClassNotFoundException'{0x0000000710da6f68}: javax/management/remote/rmi/RMIConnectionImpl_Skel> (0x0000000710da6f68) 
thrown [s\open\src\hotspot\share\classfile\systemDictionary.cpp, line 255]
Event: 1.285 Thread 0x000002384e72f370 Exception <a 'java/lang/NoSuchMethodError'{0x0000000710df03f8}: 'java.lang.Object java.lang.invoke.Invokers$Holder.linkToTargetMethod(java.lang.Object, long, java.lang.Object)'> (0x0000000710df03f8) 
thrown [s\open\src\hotspot\share\interpreter\linkResolver.cpp, line 774]
Event: 1.304 Thread 0x000002384e732de0 Exception <a 'java/lang/NoSuchMethodError'{0x0000000710a07770}: 'java.lang.Object java.lang.invoke.DirectMethodHandle$Holder.invokeInterface(java.lang.Object, java.lang.Object)'> (0x0000000710a07770) 
thrown [s\open\src\hotspot\share\interpreter\linkResolver.cpp, line 774]
Event: 1.314 Thread 0x000002384e732de0 Exception <a 'java/lang/NoSuchMethodError'{0x0000000710a31c88}: 'int java.lang.invoke.DelegatingMethodHandle$Holder.reinvoke_L(java.lang.Object, java.lang.Object, java.lang.Object, java.lang.Object, java.lang.Object)'> (0x0000000710a31c88) 
thrown [s\open\src\hotspot\share\interpreter\linkResolver.cpp, line 774]
Event: 1.335 Thread 0x000002384e732de0 Exception <a 'java/lang/NoSuchMethodError'{0x0000000710a4ea38}: 'java.lang.Object java.lang.invoke.DirectMethodHandle$Holder.invokeInterface(java.lang.Object, java.lang.Object, java.lang.Object, java.lang.Object, java.lang.Object)'> (0x0000000710a4ea38) 
thrown [s\open\src\hotspot\share\interpreter\linkResolver.cpp, line 774]
Event: 1.339 Thread 0x000002384e732de0 Exception <a 'java/lang/NoSuchMethodError'{0x0000000710a72fd0}: 'double java.lang.invoke.DirectMethodHandle$Holder.invokeInterface(java.lang.Object, java.lang.Object)'> (0x0000000710a72fd0) 
thrown [s\open\src\hotspot\share\interpreter\linkResolver.cpp, line 774]
Event: 1.341 Thread 0x000002384e732de0 Exception <a 'java/lang/NoSuchMethodError'{0x0000000710a7ad00}: 'double java.lang.invoke.DelegatingMethodHandle$Holder.reinvoke_L(java.lang.Object, java.lang.Object)'> (0x0000000710a7ad00) 
thrown [s\open\src\hotspot\share\interpreter\linkResolver.cpp, line 774]
Event: 2.272 Thread 0x000002384e732de0 Exception <a 'java/lang/NoSuchMethodError'{0x0000000710acd6e0}: 'long java.lang.invoke.DelegatingMethodHandle$Holder.reinvoke_L(java.lang.Object, java.lang.Object)'> (0x0000000710acd6e0) 
thrown [s\open\src\hotspot\share\interpreter\linkResolver.cpp, line 774]

VM Operations (20 events):
Event: 0.825 Executing VM operation: G1CollectForAllocation
Event: 0.830 Executing VM operation: G1CollectForAllocation done
Event: 0.831 Executing VM operation: HandshakeAllThreads
Event: 0.831 Executing VM operation: HandshakeAllThreads done
Event: 0.831 Executing VM operation: RedefineClasses
Event: 0.839 Executing VM operation: RedefineClasses done
Event: 0.847 Executing VM operation: ClassLoaderStatsOperation
Event: 0.847 Executing VM operation: ClassLoaderStatsOperation done
Event: 0.998 Executing VM operation: HandshakeAllThreads
Event: 0.998 Executing VM operation: HandshakeAllThreads done
Event: 1.002 Executing VM operation: HandshakeAllThreads
Event: 1.002 Executing VM operation: HandshakeAllThreads done
Event: 1.278 Executing VM operation: HandshakeAllThreads
Event: 1.279 Executing VM operation: HandshakeAllThreads done
Event: 2.279 Executing VM operation: Cleanup
Event: 2.280 Executing VM operation: Cleanup done
Event: 6.283 Executing VM operation: Cleanup
Event: 6.283 Executing VM operation: Cleanup done
Event: 10.284 Executing VM operation: Cleanup
Event: 10.284 Executing VM operation: Cleanup done

Events (20 events):
Event: 0.053 Thread 0x000002382c500d50 Thread added: 0x000002382c500d50
Event: 0.053 Thread 0x000002382c50c6d0 Thread added: 0x000002382c50c6d0
Event: 0.053 Thread 0x00000238480dffc0 Thread added: 0x00000238480dffc0
Event: 0.053 Thread 0x00000238480e32c0 Thread added: 0x00000238480e32c0
Event: 0.084 Thread 0x00000238480e1830 Thread added: 0x00000238480e1830
Event: 0.148 Thread 0x00000238480e12e0 Thread added: 0x00000238480e12e0
Event: 0.227 Thread 0x000002384c65efb0 Thread added: 0x000002384c65efb0
Event: 0.249 Thread 0x00000238480e3810 Thread added: 0x00000238480e3810
Event: 0.331 Thread 0x000002384ccf68e0 Thread added: 0x000002384ccf68e0
Event: 0.723 Thread 0x00000238480e22d0 Thread added: 0x00000238480e22d0
Event: 0.971 Thread 0x00000238480e1d80 Thread added: 0x00000238480e1d80
Event: 0.972 Thread 0x00000238480e42b0 Thread added: 0x00000238480e42b0
Event: 0.972 Thread 0x00000238480e2d70 Thread added: 0x00000238480e2d70
Event: 0.974 Thread 0x00000238480e2820 Thread added: 0x00000238480e2820
Event: 1.126 Thread 0x000002384e7318a0 Thread added: 0x000002384e7318a0
Event: 1.217 Thread 0x000002384e732de0 Thread added: 0x000002384e732de0
Event: 1.258 Thread 0x000002384e731df0 Thread added: 0x000002384e731df0
Event: 1.276 Thread 0x000002384e72f370 Thread added: 0x000002384e72f370
Event: 1.450 Thread 0x000002384c65efb0 Thread exited: 0x000002384c65efb0
Event: 1.450 Thread 0x000002384ccf68e0 Thread exited: 0x000002384ccf68e0


Dynamic libraries:
0x00007ff6a5d90000 - 0x00007ff6a5d9e000 	C:\Users\Kacper\.jdks\openjdk-19\bin\java.exe
0x00007ffaf5490000 - 0x00007ffaf5688000 	C:\WINDOWS\SYSTEM32\ntdll.dll
0x00007ffaf3690000 - 0x00007ffaf374d000 	C:\WINDOWS\System32\KERNEL32.DLL
0x00007ffaf30b0000 - 0x00007ffaf3382000 	C:\WINDOWS\System32\KERNELBASE.dll
0x00007ffaf2cb0000 - 0x00007ffaf2db0000 	C:\WINDOWS\System32\ucrtbase.dll
0x00007ffaee190000 - 0x00007ffaee1ab000 	C:\Users\Kacper\.jdks\openjdk-19\bin\VCRUNTIME140.dll
0x00007ffaee1b0000 - 0x00007ffaee1c7000 	C:\Users\Kacper\.jdks\openjdk-19\bin\jli.dll
0x00007ffaf4310000 - 0x00007ffaf44ad000 	C:\WINDOWS\System32\USER32.dll
0x00007ffae58d0000 - 0x00007ffae5b6a000 	C:\WINDOWS\WinSxS\amd64_microsoft.windows.common-controls_6595b64144ccf1df_6.0.19041.1110_none_60b5254171f9507e\COMCTL32.dll
0x00007ffaf2fd0000 - 0x00007ffaf2ff2000 	C:\WINDOWS\System32\win32u.dll
0x00007ffaf4570000 - 0x00007ffaf459b000 	C:\WINDOWS\System32\GDI32.dll
0x00007ffaf3590000 - 0x00007ffaf362e000 	C:\WINDOWS\System32\msvcrt.dll
0x00007ffaf2ec0000 - 0x00007ffaf2fcf000 	C:\WINDOWS\System32\gdi32full.dll
0x00007ffaf2c10000 - 0x00007ffaf2cad000 	C:\WINDOWS\System32\msvcp_win.dll
0x00007ffaf3f30000 - 0x00007ffaf3f60000 	C:\WINDOWS\System32\IMM32.DLL
0x00007ffaee860000 - 0x00007ffaee86c000 	C:\Users\Kacper\.jdks\openjdk-19\bin\vcruntime140_1.dll
0x00007ffac4a90000 - 0x00007ffac4b1e000 	C:\Users\Kacper\.jdks\openjdk-19\bin\msvcp140.dll
0x00007ffa961a0000 - 0x00007ffa96e60000 	C:\Users\Kacper\.jdks\openjdk-19\bin\server\jvm.dll
0x00007ffaf4d90000 - 0x00007ffaf4e3e000 	C:\WINDOWS\System32\ADVAPI32.dll
0x00007ffaf34f0000 - 0x00007ffaf358c000 	C:\WINDOWS\System32\sechost.dll
0x00007ffaf4690000 - 0x00007ffaf47b5000 	C:\WINDOWS\System32\RPCRT4.dll
0x00007ffaee7d0000 - 0x00007ffaee7d9000 	C:\WINDOWS\SYSTEM32\WSOCK32.dll
0x00007ffae5d30000 - 0x00007ffae5d57000 	C:\WINDOWS\SYSTEM32\WINMM.dll
0x00007ffaea1e0000 - 0x00007ffaea1ea000 	C:\WINDOWS\SYSTEM32\VERSION.dll
0x00007ffaf45a0000 - 0x00007ffaf460b000 	C:\WINDOWS\System32\WS2_32.dll
0x00007ffaf1390000 - 0x00007ffaf13a2000 	C:\WINDOWS\SYSTEM32\kernel.appcore.dll
0x00007ffaee2a0000 - 0x00007ffaee2aa000 	C:\Users\Kacper\.jdks\openjdk-19\bin\jimage.dll
0x00007ffae0b70000 - 0x00007ffae0d54000 	C:\WINDOWS\SYSTEM32\DBGHELP.DLL
0x00007ffae1e90000 - 0x00007ffae1ebc000 	C:\WINDOWS\SYSTEM32\dbgcore.DLL
0x00007ffaf2db0000 - 0x00007ffaf2e32000 	C:\WINDOWS\System32\bcryptPrimitives.dll
0x00007ffacf2c0000 - 0x00007ffacf2ce000 	C:\Users\Kacper\.jdks\openjdk-19\bin\instrument.dll
0x00007ffac7620000 - 0x00007ffac7646000 	C:\Users\Kacper\.jdks\openjdk-19\bin\java.dll
0x00007ffaa4ea0000 - 0x00007ffaa4f3f000 	C:\Users\Kacper\AppData\Local\Temp\libasyncProfiler.dll
0x00007ffaf4b80000 - 0x00007ffaf4caa000 	C:\WINDOWS\System32\ole32.dll
0x00007ffaf4820000 - 0x00007ffaf4b74000 	C:\WINDOWS\System32\combase.dll
0x00007ffaf5380000 - 0x00007ffaf544d000 	C:\WINDOWS\System32\OLEAUT32.dll
0x00007ffaf47c0000 - 0x00007ffaf4815000 	C:\WINDOWS\System32\SHLWAPI.dll
0x00007ffaa66a0000 - 0x00007ffaa6777000 	C:\Users\Kacper\.jdks\openjdk-19\bin\jsvml.dll
0x00007ffaf37e0000 - 0x00007ffaf3f23000 	C:\WINDOWS\System32\SHELL32.dll
0x00007ffaf0b20000 - 0x00007ffaf12b1000 	C:\WINDOWS\SYSTEM32\windows.storage.dll
0x00007ffaf2520000 - 0x00007ffaf2550000 	C:\WINDOWS\SYSTEM32\Wldp.dll
0x00007ffaf4e60000 - 0x00007ffaf4f0d000 	C:\WINDOWS\System32\SHCORE.dll
0x00007ffaf2ae0000 - 0x00007ffaf2aff000 	C:\WINDOWS\SYSTEM32\profapi.dll
0x00007ffac7970000 - 0x00007ffac7988000 	C:\Users\Kacper\.jdks\openjdk-19\bin\zip.dll
0x00007ffac8990000 - 0x00007ffac89a3000 	C:\Users\Kacper\.jdks\openjdk-19\bin\net.dll
0x00007ffaeacc0000 - 0x00007ffaeadcd000 	C:\WINDOWS\SYSTEM32\WINHTTP.dll
0x00007ffaf2300000 - 0x00007ffaf236a000 	C:\WINDOWS\system32\mswsock.dll
0x00007ffac79d0000 - 0x00007ffac79e6000 	C:\Users\Kacper\.jdks\openjdk-19\bin\nio.dll
0x00007ffac6e20000 - 0x00007ffac6e3a000 	D:\IntelliJ IDEA 2022.2.3\bin\breakgen64.dll
0x00007ffacee50000 - 0x00007ffacee58000 	C:\Users\Kacper\.jdks\openjdk-19\bin\extnet.dll
0x00007ffaf2010000 - 0x00007ffaf20da000 	C:\WINDOWS\SYSTEM32\DNSAPI.dll
0x00007ffaf1fc0000 - 0x00007ffaf1ffb000 	C:\WINDOWS\SYSTEM32\IPHLPAPI.DLL
0x00007ffaf4cc0000 - 0x00007ffaf4cc8000 	C:\WINDOWS\System32\NSI.dll
0x00007ffae76e0000 - 0x00007ffae76ea000 	C:\Windows\System32\rasadhlp.dll
0x00007ffaea970000 - 0x00007ffaea9f0000 	C:\WINDOWS\System32\fwpuclnt.dll
0x00007ffaf2e40000 - 0x00007ffaf2e67000 	C:\WINDOWS\System32\bcrypt.dll
0x00007ffacfd20000 - 0x00007ffacfd2a000 	C:\Users\Kacper\.jdks\openjdk-19\bin\management.dll
0x00007ffacfc60000 - 0x00007ffacfc6b000 	C:\Users\Kacper\.jdks\openjdk-19\bin\management_ext.dll
0x00007ffaf44b0000 - 0x00007ffaf44b8000 	C:\WINDOWS\System32\PSAPI.DLL
0x00007ffaa4a60000 - 0x00007ffaa4bd3000 	C:\Users\Kacper\AppData\Local\Temp\idea_msdia140_dll_temp_folder\msdia140.dll
0x00007ffaf2880000 - 0x00007ffaf2898000 	C:\WINDOWS\SYSTEM32\CRYPTSP.dll
0x00007ffaf1bd0000 - 0x00007ffaf1c04000 	C:\WINDOWS\system32\rsaenh.dll
0x00007ffaf2aa0000 - 0x00007ffaf2ace000 	C:\WINDOWS\SYSTEM32\USERENV.dll
0x00007ffaf2490000 - 0x00007ffaf249c000 	C:\WINDOWS\SYSTEM32\CRYPTBASE.dll
0x00007ffaec720000 - 0x00007ffaec737000 	C:\WINDOWS\SYSTEM32\dhcpcsvc6.DLL
0x00007ffaea1c0000 - 0x00007ffaea1dd000 	C:\WINDOWS\SYSTEM32\dhcpcsvc.DLL
0x00007ffaa7370000 - 0x00007ffaa7387000 	C:\WINDOWS\system32\napinsp.dll
0x00007ffaa7350000 - 0x00007ffaa736b000 	C:\WINDOWS\system32\pnrpnsp.dll
0x00007ffaccf20000 - 0x00007ffaccf35000 	C:\WINDOWS\system32\wshbth.dll
0x00007ffaee7b0000 - 0x00007ffaee7cd000 	C:\WINDOWS\system32\NLAapi.dll
0x00007ffaa7330000 - 0x00007ffaa7342000 	C:\WINDOWS\System32\winrnr.dll
0x00007ffad8e20000 - 0x00007ffad8e69000 	C:\WINDOWS\SYSTEM32\pdh.dll
0x00007ffaee8d0000 - 0x00007ffaee8df000 	C:\WINDOWS\System32\perfproc.dll
0x00007ffad07e0000 - 0x00007ffad07ef000 	C:\WINDOWS\System32\perfos.dll

dbghelp: loaded successfully - version: 4.0.5 - missing functions: none
symbol engine: initialized successfully - sym options: 0x614 - pdb path: .;C:\Users\Kacper\.jdks\openjdk-19\bin;C:\WINDOWS\SYSTEM32;C:\WINDOWS\WinSxS\amd64_microsoft.windows.common-controls_6595b64144ccf1df_6.0.19041.1110_none_60b5254171f9507e;C:\Users\Kacper\.jdks\openjdk-19\bin\server;C:\Users\Kacper\AppData\Local\Temp;D:\IntelliJ IDEA 2022.2.3\bin;C:\Users\Kacper\AppData\Local\Temp\idea_msdia140_dll_temp_folder

VM Arguments:
jvm_args: -javaagent:D:\IntelliJ IDEA 2022.2.3\lib\idea_rt.jar=58540:D:\IntelliJ IDEA 2022.2.3\bin -agentpath:C:\Users\Kacper\AppData\Local\Temp\libasyncProfiler.dll=start,jfr,libdia=C:\Users\Kacper\AppData\Local\Temp\idea_msdia140_dll_temp_folder\msdia140.dll,event=cpu,interval=1ms,jfrsync=profile,file=C:\Users\Kacper\Main_2022_10_19_083144.jfr -Dfile.encoding=UTF-8 -Dsun.stdout.encoding=UTF-8 -Dsun.stderr.encoding=UTF-8 
java_command: Main
java_class_path (initial): D:\Pierwszy program zz javy\out\production\Pierwszy program v2
Launcher Type: SUN_STANDARD

[Global flags]
     intx CICompilerCount                          = 4                                         {product} {ergonomic}
     uint ConcGCThreads                            = 2                                         {product} {ergonomic}
     bool FlightRecorder                           = true                                      {product} {management}
     uint G1ConcRefinementThreads                  = 8                                         {product} {ergonomic}
   size_t G1HeapRegionSize                         = 2097152                                   {product} {ergonomic}
    uintx GCDrainStackTargetSize                   = 64                                        {product} {ergonomic}
   size_t InitialHeapSize                          = 268435456                                 {product} {ergonomic}
   size_t MarkStackSize                            = 4194304                                   {product} {ergonomic}
   size_t MaxHeapSize                              = 4273995776                                {product} {ergonomic}
   size_t MaxNewSize                               = 2562719744                                {product} {ergonomic}
   size_t MinHeapDeltaBytes                        = 2097152                                   {product} {ergonomic}
   size_t MinHeapSize                              = 8388608                                   {product} {ergonomic}
    uintx NonNMethodCodeHeapSize                   = 5839372                                {pd product} {ergonomic}
    uintx NonProfiledCodeHeapSize                  = 122909434                              {pd product} {ergonomic}
    uintx ProfiledCodeHeapSize                     = 122909434                              {pd product} {ergonomic}
    uintx ReservedCodeCacheSize                    = 251658240                              {pd product} {ergonomic}
     bool SegmentedCodeCache                       = true                                      {product} {ergonomic}
   size_t SoftMaxHeapSize                          = 4273995776                             {manageable} {ergonomic}
     bool UseCompressedClassPointers               = true                           {product lp64_product} {ergonomic}
     bool UseCompressedOops                        = true                           {product lp64_product} {ergonomic}
     bool UseG1GC                                  = true                                      {product} {ergonomic}
     bool UseLargePagesIndividualAllocation        = false                                  {pd product} {ergonomic}

Logging:
Log output configuration:
 #0: stdout all=warning uptime,level,tags foldmultilines=false
 #1: stderr all=off uptime,level,tags foldmultilines=false

Environment Variables:
PATH=C:\Program Files (x86)\Common Files\Oracle\Java\javapath;C:\Program Files (x86)\NVIDIA Corporation\PhysX\Common;C:\WINDOWS\system32;C:\WINDOWS;C:\WINDOWS\System32\Wbem;C:\WINDOWS\System32\WindowsPowerShell\v1.0\;C:\WINDOWS\System32\OpenSSH\;C:\Program Files\PuTTY\;C:\Program Files\Docker\Docker\resources\bin;C:\ProgramData\DockerDesktop\version-bin;D:\Git\cmd;D:\bin;C:\Users\Kacper\AppData\Local\Microsoft\WindowsApps;C:\Users\Kacper\AppData\Local\Microsoft\WindowsApps;C:\Users\Kacper\AppData\Local\gitkraken\bin
USERNAME=Kacper
OS=Windows_NT
PROCESSOR_IDENTIFIER=Intel64 Family 6 Model 60 Stepping 3, GenuineIntel
TMP=C:\Users\Kacper\AppData\Local\Temp
TEMP=C:\Users\Kacper\AppData\Local\Temp



---------------  S Y S T E M  ---------------

OS:
 Windows 10 , 64 bit Build 19041 (10.0.19041.1889)
OS uptime: 0 days 21:20 hours
Hyper-V role detected

CPU: total 8 (initial active 8) (4 cores per cpu, 2 threads per core) family 6 model 60 stepping 3 microcode 0x27, cx8, cmov, fxsr, ht, mmx, sse, sse2, sse3, ssse3, sse4.1, sse4.2, popcnt, lzcnt, tsc, tscinvbit, avx, avx2, aes, erms, clmul, bmi1, bmi2, fma, vzeroupper, clflush, hv, rdtscp

Memory: 4k page, system-wide physical 16303M (4045M free)
TotalPageFile size 23983M (AvailPageFile size 6418M)
current process WorkingSet (physical memory assigned to process): 100M, peak: 110M
current process commit charge ("private bytes"): 405M, peak: 411M

vm_info: OpenJDK 64-Bit Server VM (19+36-2238) for windows-amd64 JRE (19+36-2238), built on 2022-08-12T20:29:01Z by "mach5one" with MS VC++ 17.1 (VS2022)

END.
