#
# A fatal error has been detected by the Java Runtime Environment:
#
#  EXCEPTION_ACCESS_VIOLATION (0xc0000005) at pc=0x00007ffdca380bd0, pid=2172, tid=8204
#
# JRE version: OpenJDK Runtime Environment (19.0+36) (build 19+36-2238)
# Java VM: OpenJDK 64-Bit Server VM (19+36-2238, mixed mode, sharing, tiered, compressed oops, compressed class ptrs, g1 gc, windows-amd64)
# Problematic frame:
# V  [jvm.dll+0x7c0bd0]
#
# No core dump will be written. Minidumps are not enabled by default on client versions of Windows
#
# If you would like to submit a bug report, please visit:
#   https://bugreport.java.com/bugreport/crash.jsp
#

---------------  S U M M A R Y ------------

Command Line: -javaagent:D:\IntelliJ IDEA 2022.2.3\lib\idea_rt.jar=59538:D:\IntelliJ IDEA 2022.2.3\bin -agentpath:C:\Users\Kacper\AppData\Local\Temp\libasyncProfiler.dll=start,jfr,libdia=C:\Users\Kacper\AppData\Local\Temp\idea_msdia140_dll_temp_folder2\msdia140.dll,event=cpu,interval=1ms,jfrsync=profile,file=C:\Users\Kacper\Main_2022_10_27_185343.jfr -Dfile.encoding=UTF-8 -Dsun.stdout.encoding=UTF-8 -Dsun.stderr.encoding=UTF-8 Main

Host: Intel(R) Core(TM) i7-4720HQ CPU @ 2.60GHz, 8 cores, 15G,  Windows 10 , 64 bit Build 19041 (10.0.19041.1889)
Time: Thu Oct 27 18:53:44 2022  Windows 10 , 64 bit Build 19041 (10.0.19041.1889) elapsed time: 1.307498 seconds (0d 0h 0m 1s)

---------------  T H R E A D  ---------------

Current thread (0x0000026eca333300):  JavaThread "Attach Listener" daemon [_thread_in_vm, id=8204, stack(0x000000aefa200000,0x000000aefa300000)]

Stack: [0x000000aefa200000,0x000000aefa300000],  sp=0x000000aefa2fde70,  free space=1015k
Native frames: (J=compiled Java code, j=interpreted, Vv=VM code, C=native code)
V  [jvm.dll+0x7c0bd0]
V  [jvm.dll+0x7c2ddd]
V  [jvm.dll+0x7c2d1c]
V  [jvm.dll+0x21aa12]
V  [jvm.dll+0x2196bf]
V  [jvm.dll+0x21e950]
V  [jvm.dll+0x214571]
V  [jvm.dll+0x5aa2d6]
V  [jvm.dll+0x22567a]
V  [jvm.dll+0x7ccb72]
V  [jvm.dll+0x7cdfba]
V  [jvm.dll+0x7ce2e8]
V  [jvm.dll+0x271d6b]
V  [jvm.dll+0x3da3de]
C  0x0000026ed18bd327

Java frames: (J=compiled Java code, j=interpreted, Vv=VM code)
j  sun.rmi.server.UnicastServerRef2.getClientRef()Ljava/rmi/server/RemoteRef;+0 java.rmi@19
j  sun.rmi.server.UnicastServerRef.exportObject(Ljava/rmi/Remote;Ljava/lang/Object;Z)Ljava/rmi/Remote;+11 java.rmi@19
j  sun.management.jmxremote.ConnectorBootstrap$PermanentExporter.exportObject(Ljava/rmi/Remote;ILjava/rmi/server/RMIClientSocketFactory;Ljava/rmi/server/RMIServerSocketFactory;Ljava/io/ObjectInputFilter;)Ljava/rmi/Remote;+82 jdk.management.agent@19
j  javax.management.remote.rmi.RMIJRMPServerImpl.export(Ljava/rmi/Remote;Ljava/io/ObjectInputFilter;)V+62 java.management.rmi@19
j  javax.management.remote.rmi.RMIJRMPServerImpl.export()V+6 java.management.rmi@19
j  javax.management.remote.rmi.RMIConnectorServer.start()V+246 java.management.rmi@19
j  sun.management.jmxremote.ConnectorBootstrap.startLocalConnectorServer()Ljavax/management/remote/JMXConnectorServer;+290 jdk.management.agent@19
j  jdk.internal.agent.Agent.startLocalManagementAgent()V+13 jdk.management.agent@19
v  ~StubRoutines::call_stub 0x0000026ed189100e

siginfo: EXCEPTION_ACCESS_VIOLATION (0xc0000005), reading address 0x0000000000390009


Registers:
RAX=0x0000000000000000, RBX=0x0000000000390001, RCX=0x000000000000001c, RDX=0x00000000cce6b609
RSP=0x000000aefa2fde70, RBP=0x0000026eca1a37a0, RSI=0x0000000000000005, RDI=0x0000026eebfea290
R8 =0x0000000000000000, R9 =0x000000aefa2fdf30, R10=0x00007ffdc9bc0000, R11=0x00007ffdfd5a1b7b
R12=0x0000000000000000, R13=0x000000aefa2fdf30, R14=0x000000aefa2fdef0, R15=0x0000026eca333300
RIP=0x00007ffdca380bd0, EFLAGS=0x0000000000010202


Register to memory mapping:

RIP=0x00007ffdca380bd0 jvm.dll
RAX=0x0 is NULL
RBX=0x0000000000390001 is an unknown value
RCX=0x000000000000001c is an unknown value
RDX=0x00000000cce6b609 is an unknown value
RSP=0x000000aefa2fde70 is pointing into the stack for thread: 0x0000026eca333300
RBP=0x0000026eca1a37a0 points into unknown readable memory: 0x0000000000000000 | 00 00 00 00 00 00 00 00
RSI=0x0000000000000005 is an unknown value
RDI=0x0000026eebfea290 points into unknown readable memory: 0x0000000000000000 | 00 00 00 00 00 00 00 00
R8 =0x0 is NULL
R9 =0x000000aefa2fdf30 is pointing into the stack for thread: 0x0000026eca333300
R10=0x00007ffdc9bc0000 jvm.dll
R11=0x00007ffdfd5a1b7b VCRUNTIME140.dll
R12=0x0 is NULL
R13=0x000000aefa2fdf30 is pointing into the stack for thread: 0x0000026eca333300
R14=0x000000aefa2fdef0 is pointing into the stack for thread: 0x0000026eca333300
R15=0x0000026eca333300 is a thread


Top of Stack: (sp=0x000000aefa2fde70)
0x000000aefa2fde70:   0000026eca6d6e90 00000008000089a0
0x000000aefa2fde80:   00000002000000b6 0000000000000001
0x000000aefa2fde90:   0000026eca29f340 00000000cce6b609
0x000000aefa2fdea0:   000000000000001c 0000000000000025
0x000000aefa2fdeb0:   000000000000001c 00007ffdca382ddd
0x000000aefa2fdec0:   00000008010a9be0 0000026eca29f320
0x000000aefa2fded0:   0000026eebe6c4c9 000000000000001c
0x000000aefa2fdee0:   000000aefa2fdf38 0000026eca29f340
0x000000aefa2fdef0:   00000000cce6b609 00007ffd0000001c
0x000000aefa2fdf00:   0000026eebe6c4c9 000000aefa2fe060
0x000000aefa2fdf10:   000000000000001c 0000026eebe6c4c9
0x000000aefa2fdf20:   000000aefa2fe060 00007ffdca382d1c
0x000000aefa2fdf30:   0000000000000000 0000026eebe6c400
0x000000aefa2fdf40:   00000000cce6b609 000000aefa2fe498
0x000000aefa2fdf50:   000000aefa2fe3f0 00007ffdc9ddaa12
0x000000aefa2fdf60:   0000026eca333300 0000026ee6bc6cf8 

Instructions: (pc=0x00007ffdca380bd0)
0x00007ffdca380ad0:   f2 f1 ff 48 8b 6c 24 48 90 48 8b 7c 24 50 48 3b
0x00007ffdca380ae0:   f5 0f 82 b9 fd ff ff 4c 8b b4 24 b8 08 00 00 49
0x00007ffdca380af0:   89 9d e8 00 00 00 48 8b 8c 24 60 08 00 00 48 33
0x00007ffdca380b00:   cc e8 fa 32 0f 00 48 81 c4 70 08 00 00 41 5f 41
0x00007ffdca380b10:   5d 41 5c 5f 5e 5d 5b c3 cc cc cc cc cc cc cc cc
0x00007ffdca380b20:   41 54 41 55 41 57 48 83 ec 30 4c 8b a2 e8 00 00
0x00007ffdca380b30:   00 4d 8b e9 48 89 5c 24 58 4c 8b fa 48 89 6c 24
0x00007ffdca380b40:   60 48 8b e9 48 89 74 24 68 49 8b c4 4c 89 74 24
0x00007ffdca380b50:   20 4d 8b f0 41 f6 c4 01 75 0b 48 8b 05 9f 75 41
0x00007ffdca380b60:   00 48 83 c8 01 48 89 82 e8 00 00 00 e8 4f f2 f1
0x00007ffdca380b70:   ff 90 45 33 c0 48 8b 45 48 48 85 c0 74 0d 4c 89
0x00007ffdca380b80:   45 48 e8 39 f2 f1 ff 45 33 c0 90 48 8b 45 08 49
0x00007ffdca380b90:   8b 16 48 8b 48 18 48 8b 00 48 23 ca 48 8d 1c c8
0x00007ffdca380ba0:   48 8b 04 c8 d0 e8 a8 01 74 12 48 8b 45 10 48 8b
0x00007ffdca380bb0:   48 18 48 8b 00 48 23 ca 48 8d 1c c8 48 8b 1b 49
0x00007ffdca380bc0:   8b f0 48 83 e3 fc 74 4f 48 89 7c 24 28 0f 1f 00
0x00007ffdca380bd0:   48 8b 7b 08 48 ff c6 49 63 4e 08 0f b7 47 04 3b
0x00007ffdca380be0:   c1 75 22 49 8b 56 10 4c 8b c1 48 8d 4f 06 e8 97
0x00007ffdca380bf0:   44 0f 00 85 c0 75 0e 48 8b cf e8 e1 f9 ff ff 84
0x00007ffdca380c00:   c0 75 0c eb 02 8b 07 48 8b 1b 48 85 db 75 c1 48
0x00007ffdca380c10:   8b 7c 24 28 45 33 c0 48 8b 54 24 70 48 8d 4b 08
0x00007ffdca380c20:   4c 8b 74 24 20 48 85 db 48 8b 5c 24 58 49 0f 44
0x00007ffdca380c30:   c8 48 85 d2 74 09 48 3b 75 28 0f 97 c0 88 02 48
0x00007ffdca380c40:   8b 74 24 68 48 8b 6c 24 60 48 85 c9 74 1b 48 8b
0x00007ffdca380c50:   01 49 89 45 00 b0 01 4d 89 a7 e8 00 00 00 48 83
0x00007ffdca380c60:   c4 30 41 5f 41 5d 41 5c c3 32 c0 4d 89 a7 e8 00
0x00007ffdca380c70:   00 00 48 83 c4 30 41 5f 41 5d 41 5c c3 cc cc cc
0x00007ffdca380c80:   4c 89 44 24 18 48 89 54 24 10 48 89 4c 24 08 53
0x00007ffdca380c90:   55 56 57 41 54 41 55 41 56 41 57 48 83 ec 48 4d
0x00007ffdca380ca0:   8b 20 40 32 ed 33 c0 4c 89 64 24 20 48 89 84 24
0x00007ffdca380cb0:   a8 00 00 00 49 8b d9 b8 01 00 00 00 4c 8b fa 4c
0x00007ffdca380cc0:   8b f1 f0 48 0f c1 05 9d d3 43 00 45 33 c0 41 8d 


Stack slot to memory mapping:
stack at sp + 0 slots: 0x0000026eca6d6e90 is at entry_point+-496 in (nmethod*)0x0000026eca6d6e90
Compiled method (c1)    1355 1774       3       java.lang.invoke.TypeConvertingMethodAdapter::cast (42 bytes)
 total in heap  [0x0000026eca6d6e90,0x0000026eca6d77a0] = 2320
 relocation     [0x0000026eca6d6ff0,0x0000026eca6d7078] = 136
 main code      [0x0000026eca6d7080,0x0000026eca6d7480] = 1024
 stub code      [0x0000026eca6d7480,0x0000026eca6d7508] = 136
 metadata       [0x0000026eca6d7508,0x0000026eca6d7520] = 24
 scopes data    [0x0000026eca6d7520,0x0000026eca6d7628] = 264
 scopes pcs     [0x0000026eca6d7628,0x0000026eca6d7778] = 336
 dependencies   [0x0000026eca6d7778,0x0000026eca6d7788] = 16
 nul chk table  [0x0000026eca6d7788,0x0000026eca6d77a0] = 24
stack at sp + 1 slots: 0x00000008000089a0 is a pointer to class: 
java.lang.String {0x00000008000089a8}
 - instance size:     3
 - klass size:        81
 - access:            public final synchronized 
 - state:             fully_initialized
 - name:              'java/lang/String'
 - super:             'java/lang/Object'
 - sub:               
 - arrays:            'java/lang/String'[]
 - methods:           Array<T>(0x0000000800605e40)
 - method ordering:   Array<T>(0x0000000800606348)
 - default_methods:   Array<T>(0x0000000000000000)
 - local interfaces:  Array<T>(0x0000000800603188)
 - trans. interfaces: Array<T>(0x0000000800603188)
 - constants:         constant pool [1404]/operands[28] {0x00000008006031e0} for 'java/lang/String' cache=0x0000000800453cc0
 - class loader data:  loader data: 0x0000026eca2aec90 of 'bootstrap'
 - source file:       'String.java'
 - class annotations:       Array<T>(0x0000000000000000)
 - class type annotations:  Array<T>(0x0000000000000000)
 - field annotations:       Array<T>(0x0000000800bbc888)
 - field type annotations:  Array<T>(0x0000000000000000)
 - generic signature: 'Ljava/lang/Object;Ljava/io/Serializable;Ljava/lang/Comparable<Ljava/lang/String;>;Ljava/lang/CharSequence;Ljava/lang/constant/Constable;Ljava/lang/constant/ConstantDesc;'
 - inner classes:     Array<T>(0x0000000800605e00)
 - nest members:     Array<T>(0x00000008006065d0)
 - permitted subclasses:     Array<T>(0x00000008005fbd20)
 - java mirror:       a 'java/lang/ui.logic.Class'{0x000000070fc35eb8} = 'java/lang/String'
 - vtable length      5  (start addr: 0x0000000800008b58)
 - itable length      20 (start addr: 0x0000000800008b80)
 - ---- static fields (3 words):
 - private static final 'serialVersionUID' 'J' @120 
 - static final 'COMPACT_STRINGS' 'Z' @130 
 - private static final 'serialPersistentFields' '[Ljava/io/ObjectStreamField;' @112 
 - private static final 'REPL' 'C' @128 
 - public static final 'CASE_INSENSITIVE_ORDER' 'Ljava/util/Comparator;' @116 
 - static final 'LATIN1' 'B' @131 
 - static final 'UTF16' 'B' @132 
 - ---- non-static fields (3 words):
 - private 'hash' 'I' @12 
 - private final 'coder' 'B' @16 
 - private 'hashIsZero' 'Z' @17 
 - abstract internal 'flags' 'B' @18 
 - private final synchronized 'value' '[B' @20 
 - non-static oop maps: 20-20 
stack at sp + 2 slots: 0x00000002000000b6 is an unknown value
stack at sp + 3 slots: 0x0000000000000001 is an unknown value
stack at sp + 4 slots: 0x0000026eca29f340 points into unknown readable memory: 0x0000000000000000 | 00 00 00 00 00 00 00 00
stack at sp + 5 slots: 0x00000000cce6b609 is an unknown value
stack at sp + 6 slots: 0x000000000000001c is an unknown value
stack at sp + 7 slots: 0x0000000000000025 is an unknown value


---------------  P R O C E S S  ---------------

Threads class SMR info:
_java_thread_list=0x0000026eebd74c80, length=19, elements={
0x0000026eca32bed0, 0x0000026eca32ccc0, 0x0000026eca3319c0, 0x0000026eca333300,
0x0000026eca333c30, 0x0000026eca335570, 0x0000026eca339bf0, 0x0000026eca341590,
0x0000026eca34e370, 0x0000026ee6014330, 0x0000026ee6240fb0, 0x0000026eea5686c0,
0x0000026eeabd44a0, 0x0000026eeb4457c0, 0x0000026eebed5680, 0x0000026eeb9b3b90,
0x0000026eeb9b40e0, 0x0000026eeb9b0bc0, 0x0000026eea56b340
}

Java Threads: ( => current thread )
  0x0000026eca32bed0 JavaThread "Reference Handler" daemon [_thread_blocked, id=27008, stack(0x000000aef9f00000,0x000000aefa000000)]
  0x0000026eca32ccc0 JavaThread "Finalizer" daemon [_thread_blocked, id=24724, stack(0x000000aefa000000,0x000000aefa100000)]
  0x0000026eca3319c0 JavaThread "Signal Dispatcher" daemon [_thread_blocked, id=13684, stack(0x000000aefa100000,0x000000aefa200000)]
=>0x0000026eca333300 JavaThread "Attach Listener" daemon [_thread_in_vm, id=8204, stack(0x000000aefa200000,0x000000aefa300000)]
  0x0000026eca333c30 JavaThread "Service Thread" daemon [_thread_blocked, id=12868, stack(0x000000aefa300000,0x000000aefa400000)]
  0x0000026eca335570 JavaThread "Monitor Deflation Thread" daemon [_thread_blocked, id=25712, stack(0x000000aefa400000,0x000000aefa500000)]
  0x0000026eca339bf0 JavaThread "C2 CompilerThread0" daemon [_thread_blocked, id=12332, stack(0x000000aefa500000,0x000000aefa600000)]
  0x0000026eca341590 JavaThread "C1 CompilerThread0" daemon [_thread_blocked, id=2188, stack(0x000000aefa600000,0x000000aefa700000)]
  0x0000026eca34e370 JavaThread "Sweeper thread" daemon [_thread_blocked, id=12068, stack(0x000000aefa700000,0x000000aefa800000)]
  0x0000026ee6014330 JavaThread "Common-Cleaner" daemon [_thread_blocked, id=25520, stack(0x000000aefa800000,0x000000aefa900000)]
  0x0000026ee6240fb0 JavaThread "Monitor Ctrl-Break" daemon [_thread_in_native, id=28664, stack(0x000000aefa900000,0x000000aefaa00000)]
  0x0000026eea5686c0 JavaThread "C2 CompilerThread1" daemon [_thread_blocked, id=23332, stack(0x000000aefaa00000,0x000000aefab00000)]
  0x0000026eeabd44a0 JavaThread "JFR Recorder Thread" daemon [_thread_in_native, id=16828, stack(0x000000aefab00000,0x000000aefac00000)]
  0x0000026eeb4457c0 JavaThread "JFR Periodic Tasks" daemon [_thread_blocked, id=15576, stack(0x000000aefad00000,0x000000aefae00000)]
  0x0000026eebed5680 JavaThread "Notification Thread" daemon [_thread_blocked, id=18368, stack(0x000000aefb100000,0x000000aefb200000)]
  0x0000026eeb9b3b90 JavaThread "Async-profiler Timer" daemon [_thread_in_native, id=28140, stack(0x000000aefb000000,0x000000aefb100000)]
  0x0000026eeb9b40e0 JavaThread "DestroyJavaVM" [_thread_blocked, id=14884, stack(0x000000aef9800000,0x000000aef9900000)]
  0x0000026eeb9b0bc0 JavaThread "JFR Shutdown Hook" [_thread_in_native, id=25972, stack(0x000000aefb800000,0x000000aefb900000)]
  0x0000026eea56b340 JavaThread "C2 CompilerThread2" daemon [_thread_blocked, id=25744, stack(0x000000aefac00000,0x000000aefad00000)]

Other Threads:
  0x0000026eca313610 VMThread "VM Thread" [stack: 0x000000aef9e00000,0x000000aef9f00000] [id=13716]
  0x0000026ee61bce60 WatcherThread "VM Periodic Task Thread" [stack: 0x000000aefb200000,0x000000aefb300000] [id=2468]
  0x0000026eca1f68d0 WorkerThread "GC Thread#0" [stack: 0x000000aef9900000,0x000000aef9a00000] [id=23008]
  0x0000026eeb8823c0 WorkerThread "GC Thread#1" [stack: 0x000000aefb300000,0x000000aefb400000] [id=25816]
  0x0000026eeb882690 WorkerThread "GC Thread#2" [stack: 0x000000aefb400000,0x000000aefb500000] [id=28584]
  0x0000026eeb882f00 WorkerThread "GC Thread#3" [stack: 0x000000aefb500000,0x000000aefb600000] [id=4960]
  0x0000026eeb881880 WorkerThread "GC Thread#4" [stack: 0x000000aefb600000,0x000000aefb700000] [id=13328]
  0x0000026eeb8831d0 WorkerThread "GC Thread#5" [stack: 0x000000aefb700000,0x000000aefb800000] [id=25212]
  0x0000026eca207890 ConcurrentGCThread "G1 Main Marker" [stack: 0x000000aef9a00000,0x000000aef9b00000] [id=18496]
  0x0000026eca209a70 WorkerThread "G1 Conc#0" [stack: 0x000000aef9b00000,0x000000aef9c00000] [id=27552]
  0x0000026eca29d690 ConcurrentGCThread "G1 Refine#0" [stack: 0x000000aef9c00000,0x000000aef9d00000] [id=28120]
  0x0000026eca29e1d0 ConcurrentGCThread "G1 Service" [stack: 0x000000aef9d00000,0x000000aef9e00000] [id=2832]

Threads with active compile tasks:

VM state: not at safepoint (normal execution)

VM Mutex/Monitor currently owned by a thread: None

Heap address: 0x0000000701400000, size: 4076 MB, Compressed Oops mode: Zero based, Oop shift amount: 3

CDS archive(s) mapped at: [0x0000000800000000-0x0000000800c40000-0x0000000800c40000), size 12845056, SharedBaseAddress: 0x0000000800000000, ArchiveRelocationMode: 0.
Compressed class space mapped at: 0x0000000801000000-0x0000000841000000, reserved size: 1073741824
Narrow klass base: 0x0000000800000000, Narrow klass shift: 0, Narrow klass range: 0x100000000

GC Precious Log:
 CardTable entry size: 512
 Card Set container configuration: InlinePtr #cards 4 size 8 Array Of Cards #cards 8 size 32 Howl #buckets 8 coarsen threshold 3686 Howl Bitmap #cards 512 size 80 coarsen threshold 460 Card regions per heap region 1 cards per card region 4096
 CPUs: 8 total, 8 available
 Memory: 16303M
 Large Page Support: Disabled
 NUMA Support: Disabled
 Compressed Oops: Enabled (Zero based)
 Heap Region Size: 2M
 Heap Min Capacity: 8M
 Heap Initial Capacity: 256M
 Heap Max Capacity: 4076M
 Pre-touch: Disabled
 Parallel Workers: 8
 Concurrent Workers: 2
 Concurrent Refinement Workers: 8
 Periodic GC: Disabled

Heap:
 garbage-first heap   total 262144K, used 8825K [0x0000000701400000, 0x0000000800000000)
  region size 2048K, 6 young (12288K), 2 survivors (4096K)
 Metaspace       used 7651K, committed 7936K, reserved 1114112K
  class space    used 764K, committed 896K, reserved 1048576K

Heap Regions: E=young(eden), S=young(survivor), O=old, HS=humongous(starts), HC=humongous(continues), CS=collection set, F=free, OA=open archive, CA=closed archive, TAMS=top-at-mark-start (previous, next)
|   0|0x0000000701400000, 0x0000000701400000, 0x0000000701600000|  0%| F|  |TAMS 0x0000000701400000, 0x0000000701400000| Untracked 
|   1|0x0000000701600000, 0x0000000701600000, 0x0000000701800000|  0%| F|  |TAMS 0x0000000701600000, 0x0000000701600000| Untracked 
|   2|0x0000000701800000, 0x0000000701800000, 0x0000000701a00000|  0%| F|  |TAMS 0x0000000701800000, 0x0000000701800000| Untracked 
|   3|0x0000000701a00000, 0x0000000701a00000, 0x0000000701c00000|  0%| F|  |TAMS 0x0000000701a00000, 0x0000000701a00000| Untracked 
|   4|0x0000000701c00000, 0x0000000701c00000, 0x0000000701e00000|  0%| F|  |TAMS 0x0000000701c00000, 0x0000000701c00000| Untracked 
|   5|0x0000000701e00000, 0x0000000701e00000, 0x0000000702000000|  0%| F|  |TAMS 0x0000000701e00000, 0x0000000701e00000| Untracked 
|   6|0x0000000702000000, 0x0000000702000000, 0x0000000702200000|  0%| F|  |TAMS 0x0000000702000000, 0x0000000702000000| Untracked 
|   7|0x0000000702200000, 0x0000000702200000, 0x0000000702400000|  0%| F|  |TAMS 0x0000000702200000, 0x0000000702200000| Untracked 
|   8|0x0000000702400000, 0x0000000702400000, 0x0000000702600000|  0%| F|  |TAMS 0x0000000702400000, 0x0000000702400000| Untracked 
|   9|0x0000000702600000, 0x0000000702600000, 0x0000000702800000|  0%| F|  |TAMS 0x0000000702600000, 0x0000000702600000| Untracked 
|  10|0x0000000702800000, 0x0000000702800000, 0x0000000702a00000|  0%| F|  |TAMS 0x0000000702800000, 0x0000000702800000| Untracked 
|  11|0x0000000702a00000, 0x0000000702a00000, 0x0000000702c00000|  0%| F|  |TAMS 0x0000000702a00000, 0x0000000702a00000| Untracked 
|  12|0x0000000702c00000, 0x0000000702c00000, 0x0000000702e00000|  0%| F|  |TAMS 0x0000000702c00000, 0x0000000702c00000| Untracked 
|  13|0x0000000702e00000, 0x0000000702e00000, 0x0000000703000000|  0%| F|  |TAMS 0x0000000702e00000, 0x0000000702e00000| Untracked 
|  14|0x0000000703000000, 0x0000000703000000, 0x0000000703200000|  0%| F|  |TAMS 0x0000000703000000, 0x0000000703000000| Untracked 
|  15|0x0000000703200000, 0x0000000703200000, 0x0000000703400000|  0%| F|  |TAMS 0x0000000703200000, 0x0000000703200000| Untracked 
|  16|0x0000000703400000, 0x0000000703400000, 0x0000000703600000|  0%| F|  |TAMS 0x0000000703400000, 0x0000000703400000| Untracked 
|  17|0x0000000703600000, 0x0000000703600000, 0x0000000703800000|  0%| F|  |TAMS 0x0000000703600000, 0x0000000703600000| Untracked 
|  18|0x0000000703800000, 0x0000000703800000, 0x0000000703a00000|  0%| F|  |TAMS 0x0000000703800000, 0x0000000703800000| Untracked 
|  19|0x0000000703a00000, 0x0000000703a00000, 0x0000000703c00000|  0%| F|  |TAMS 0x0000000703a00000, 0x0000000703a00000| Untracked 
|  20|0x0000000703c00000, 0x0000000703c00000, 0x0000000703e00000|  0%| F|  |TAMS 0x0000000703c00000, 0x0000000703c00000| Untracked 
|  21|0x0000000703e00000, 0x0000000703e00000, 0x0000000704000000|  0%| F|  |TAMS 0x0000000703e00000, 0x0000000703e00000| Untracked 
|  22|0x0000000704000000, 0x0000000704000000, 0x0000000704200000|  0%| F|  |TAMS 0x0000000704000000, 0x0000000704000000| Untracked 
|  23|0x0000000704200000, 0x0000000704200000, 0x0000000704400000|  0%| F|  |TAMS 0x0000000704200000, 0x0000000704200000| Untracked 
|  24|0x0000000704400000, 0x0000000704400000, 0x0000000704600000|  0%| F|  |TAMS 0x0000000704400000, 0x0000000704400000| Untracked 
|  25|0x0000000704600000, 0x0000000704600000, 0x0000000704800000|  0%| F|  |TAMS 0x0000000704600000, 0x0000000704600000| Untracked 
|  26|0x0000000704800000, 0x0000000704800000, 0x0000000704a00000|  0%| F|  |TAMS 0x0000000704800000, 0x0000000704800000| Untracked 
|  27|0x0000000704a00000, 0x0000000704a00000, 0x0000000704c00000|  0%| F|  |TAMS 0x0000000704a00000, 0x0000000704a00000| Untracked 
|  28|0x0000000704c00000, 0x0000000704c00000, 0x0000000704e00000|  0%| F|  |TAMS 0x0000000704c00000, 0x0000000704c00000| Untracked 
|  29|0x0000000704e00000, 0x0000000704e00000, 0x0000000705000000|  0%| F|  |TAMS 0x0000000704e00000, 0x0000000704e00000| Untracked 
|  30|0x0000000705000000, 0x0000000705000000, 0x0000000705200000|  0%| F|  |TAMS 0x0000000705000000, 0x0000000705000000| Untracked 
|  31|0x0000000705200000, 0x0000000705200000, 0x0000000705400000|  0%| F|  |TAMS 0x0000000705200000, 0x0000000705200000| Untracked 
|  32|0x0000000705400000, 0x0000000705400000, 0x0000000705600000|  0%| F|  |TAMS 0x0000000705400000, 0x0000000705400000| Untracked 
|  33|0x0000000705600000, 0x0000000705600000, 0x0000000705800000|  0%| F|  |TAMS 0x0000000705600000, 0x0000000705600000| Untracked 
|  34|0x0000000705800000, 0x0000000705800000, 0x0000000705a00000|  0%| F|  |TAMS 0x0000000705800000, 0x0000000705800000| Untracked 
|  35|0x0000000705a00000, 0x0000000705a00000, 0x0000000705c00000|  0%| F|  |TAMS 0x0000000705a00000, 0x0000000705a00000| Untracked 
|  36|0x0000000705c00000, 0x0000000705c00000, 0x0000000705e00000|  0%| F|  |TAMS 0x0000000705c00000, 0x0000000705c00000| Untracked 
|  37|0x0000000705e00000, 0x0000000705e00000, 0x0000000706000000|  0%| F|  |TAMS 0x0000000705e00000, 0x0000000705e00000| Untracked 
|  38|0x0000000706000000, 0x0000000706000000, 0x0000000706200000|  0%| F|  |TAMS 0x0000000706000000, 0x0000000706000000| Untracked 
|  39|0x0000000706200000, 0x0000000706200000, 0x0000000706400000|  0%| F|  |TAMS 0x0000000706200000, 0x0000000706200000| Untracked 
|  40|0x0000000706400000, 0x0000000706400000, 0x0000000706600000|  0%| F|  |TAMS 0x0000000706400000, 0x0000000706400000| Untracked 
|  41|0x0000000706600000, 0x0000000706600000, 0x0000000706800000|  0%| F|  |TAMS 0x0000000706600000, 0x0000000706600000| Untracked 
|  42|0x0000000706800000, 0x0000000706800000, 0x0000000706a00000|  0%| F|  |TAMS 0x0000000706800000, 0x0000000706800000| Untracked 
|  43|0x0000000706a00000, 0x0000000706a00000, 0x0000000706c00000|  0%| F|  |TAMS 0x0000000706a00000, 0x0000000706a00000| Untracked 
|  44|0x0000000706c00000, 0x0000000706c00000, 0x0000000706e00000|  0%| F|  |TAMS 0x0000000706c00000, 0x0000000706c00000| Untracked 
|  45|0x0000000706e00000, 0x0000000706e00000, 0x0000000707000000|  0%| F|  |TAMS 0x0000000706e00000, 0x0000000706e00000| Untracked 
|  46|0x0000000707000000, 0x0000000707000000, 0x0000000707200000|  0%| F|  |TAMS 0x0000000707000000, 0x0000000707000000| Untracked 
|  47|0x0000000707200000, 0x0000000707200000, 0x0000000707400000|  0%| F|  |TAMS 0x0000000707200000, 0x0000000707200000| Untracked 
|  48|0x0000000707400000, 0x0000000707400000, 0x0000000707600000|  0%| F|  |TAMS 0x0000000707400000, 0x0000000707400000| Untracked 
|  49|0x0000000707600000, 0x0000000707600000, 0x0000000707800000|  0%| F|  |TAMS 0x0000000707600000, 0x0000000707600000| Untracked 
|  50|0x0000000707800000, 0x0000000707800000, 0x0000000707a00000|  0%| F|  |TAMS 0x0000000707800000, 0x0000000707800000| Untracked 
|  51|0x0000000707a00000, 0x0000000707a00000, 0x0000000707c00000|  0%| F|  |TAMS 0x0000000707a00000, 0x0000000707a00000| Untracked 
|  52|0x0000000707c00000, 0x0000000707c00000, 0x0000000707e00000|  0%| F|  |TAMS 0x0000000707c00000, 0x0000000707c00000| Untracked 
|  53|0x0000000707e00000, 0x0000000707e00000, 0x0000000708000000|  0%| F|  |TAMS 0x0000000707e00000, 0x0000000707e00000| Untracked 
|  54|0x0000000708000000, 0x0000000708000000, 0x0000000708200000|  0%| F|  |TAMS 0x0000000708000000, 0x0000000708000000| Untracked 
|  55|0x0000000708200000, 0x0000000708200000, 0x0000000708400000|  0%| F|  |TAMS 0x0000000708200000, 0x0000000708200000| Untracked 
|  56|0x0000000708400000, 0x0000000708400000, 0x0000000708600000|  0%| F|  |TAMS 0x0000000708400000, 0x0000000708400000| Untracked 
|  57|0x0000000708600000, 0x0000000708600000, 0x0000000708800000|  0%| F|  |TAMS 0x0000000708600000, 0x0000000708600000| Untracked 
|  58|0x0000000708800000, 0x0000000708800000, 0x0000000708a00000|  0%| F|  |TAMS 0x0000000708800000, 0x0000000708800000| Untracked 
|  59|0x0000000708a00000, 0x0000000708a00000, 0x0000000708c00000|  0%| F|  |TAMS 0x0000000708a00000, 0x0000000708a00000| Untracked 
|  60|0x0000000708c00000, 0x0000000708c00000, 0x0000000708e00000|  0%| F|  |TAMS 0x0000000708c00000, 0x0000000708c00000| Untracked 
|  61|0x0000000708e00000, 0x0000000708e00000, 0x0000000709000000|  0%| F|  |TAMS 0x0000000708e00000, 0x0000000708e00000| Untracked 
|  62|0x0000000709000000, 0x0000000709000000, 0x0000000709200000|  0%| F|  |TAMS 0x0000000709000000, 0x0000000709000000| Untracked 
|  63|0x0000000709200000, 0x0000000709200000, 0x0000000709400000|  0%| F|  |TAMS 0x0000000709200000, 0x0000000709200000| Untracked 
|  64|0x0000000709400000, 0x0000000709400000, 0x0000000709600000|  0%| F|  |TAMS 0x0000000709400000, 0x0000000709400000| Untracked 
|  65|0x0000000709600000, 0x0000000709600000, 0x0000000709800000|  0%| F|  |TAMS 0x0000000709600000, 0x0000000709600000| Untracked 
|  66|0x0000000709800000, 0x0000000709800000, 0x0000000709a00000|  0%| F|  |TAMS 0x0000000709800000, 0x0000000709800000| Untracked 
|  67|0x0000000709a00000, 0x0000000709a00000, 0x0000000709c00000|  0%| F|  |TAMS 0x0000000709a00000, 0x0000000709a00000| Untracked 
|  68|0x0000000709c00000, 0x0000000709c00000, 0x0000000709e00000|  0%| F|  |TAMS 0x0000000709c00000, 0x0000000709c00000| Untracked 
|  69|0x0000000709e00000, 0x0000000709e00000, 0x000000070a000000|  0%| F|  |TAMS 0x0000000709e00000, 0x0000000709e00000| Untracked 
|  70|0x000000070a000000, 0x000000070a000000, 0x000000070a200000|  0%| F|  |TAMS 0x000000070a000000, 0x000000070a000000| Untracked 
|  71|0x000000070a200000, 0x000000070a200000, 0x000000070a400000|  0%| F|  |TAMS 0x000000070a200000, 0x000000070a200000| Untracked 
|  72|0x000000070a400000, 0x000000070a400000, 0x000000070a600000|  0%| F|  |TAMS 0x000000070a400000, 0x000000070a400000| Untracked 
|  73|0x000000070a600000, 0x000000070a600000, 0x000000070a800000|  0%| F|  |TAMS 0x000000070a600000, 0x000000070a600000| Untracked 
|  74|0x000000070a800000, 0x000000070a800000, 0x000000070aa00000|  0%| F|  |TAMS 0x000000070a800000, 0x000000070a800000| Untracked 
|  75|0x000000070aa00000, 0x000000070aa00000, 0x000000070ac00000|  0%| F|  |TAMS 0x000000070aa00000, 0x000000070aa00000| Untracked 
|  76|0x000000070ac00000, 0x000000070ac00000, 0x000000070ae00000|  0%| F|  |TAMS 0x000000070ac00000, 0x000000070ac00000| Untracked 
|  77|0x000000070ae00000, 0x000000070ae00000, 0x000000070b000000|  0%| F|  |TAMS 0x000000070ae00000, 0x000000070ae00000| Untracked 
|  78|0x000000070b000000, 0x000000070b000000, 0x000000070b200000|  0%| F|  |TAMS 0x000000070b000000, 0x000000070b000000| Untracked 
|  79|0x000000070b200000, 0x000000070b200000, 0x000000070b400000|  0%| F|  |TAMS 0x000000070b200000, 0x000000070b200000| Untracked 
|  80|0x000000070b400000, 0x000000070b400000, 0x000000070b600000|  0%| F|  |TAMS 0x000000070b400000, 0x000000070b400000| Untracked 
|  81|0x000000070b600000, 0x000000070b600000, 0x000000070b800000|  0%| F|  |TAMS 0x000000070b600000, 0x000000070b600000| Untracked 
|  82|0x000000070b800000, 0x000000070b800000, 0x000000070ba00000|  0%| F|  |TAMS 0x000000070b800000, 0x000000070b800000| Untracked 
|  83|0x000000070ba00000, 0x000000070ba00000, 0x000000070bc00000|  0%| F|  |TAMS 0x000000070ba00000, 0x000000070ba00000| Untracked 
|  84|0x000000070bc00000, 0x000000070bc00000, 0x000000070be00000|  0%| F|  |TAMS 0x000000070bc00000, 0x000000070bc00000| Untracked 
|  85|0x000000070be00000, 0x000000070be00000, 0x000000070c000000|  0%| F|  |TAMS 0x000000070be00000, 0x000000070be00000| Untracked 
|  86|0x000000070c000000, 0x000000070c000000, 0x000000070c200000|  0%| F|  |TAMS 0x000000070c000000, 0x000000070c000000| Untracked 
|  87|0x000000070c200000, 0x000000070c200000, 0x000000070c400000|  0%| F|  |TAMS 0x000000070c200000, 0x000000070c200000| Untracked 
|  88|0x000000070c400000, 0x000000070c400000, 0x000000070c600000|  0%| F|  |TAMS 0x000000070c400000, 0x000000070c400000| Untracked 
|  89|0x000000070c600000, 0x000000070c600000, 0x000000070c800000|  0%| F|  |TAMS 0x000000070c600000, 0x000000070c600000| Untracked 
|  90|0x000000070c800000, 0x000000070c800000, 0x000000070ca00000|  0%| F|  |TAMS 0x000000070c800000, 0x000000070c800000| Untracked 
|  91|0x000000070ca00000, 0x000000070ca00000, 0x000000070cc00000|  0%| F|  |TAMS 0x000000070ca00000, 0x000000070ca00000| Untracked 
|  92|0x000000070cc00000, 0x000000070cc00000, 0x000000070ce00000|  0%| F|  |TAMS 0x000000070cc00000, 0x000000070cc00000| Untracked 
|  93|0x000000070ce00000, 0x000000070ce00000, 0x000000070d000000|  0%| F|  |TAMS 0x000000070ce00000, 0x000000070ce00000| Untracked 
|  94|0x000000070d000000, 0x000000070d000000, 0x000000070d200000|  0%| F|  |TAMS 0x000000070d000000, 0x000000070d000000| Untracked 
|  95|0x000000070d200000, 0x000000070d200000, 0x000000070d400000|  0%| F|  |TAMS 0x000000070d200000, 0x000000070d200000| Untracked 
|  96|0x000000070d400000, 0x000000070d400000, 0x000000070d600000|  0%| F|  |TAMS 0x000000070d400000, 0x000000070d400000| Untracked 
|  97|0x000000070d600000, 0x000000070d600000, 0x000000070d800000|  0%| F|  |TAMS 0x000000070d600000, 0x000000070d600000| Untracked 
|  98|0x000000070d800000, 0x000000070d800000, 0x000000070da00000|  0%| F|  |TAMS 0x000000070d800000, 0x000000070d800000| Untracked 
|  99|0x000000070da00000, 0x000000070da00000, 0x000000070dc00000|  0%| F|  |TAMS 0x000000070da00000, 0x000000070da00000| Untracked 
| 100|0x000000070dc00000, 0x000000070dc00000, 0x000000070de00000|  0%| F|  |TAMS 0x000000070dc00000, 0x000000070dc00000| Untracked 
| 101|0x000000070de00000, 0x000000070de00000, 0x000000070e000000|  0%| F|  |TAMS 0x000000070de00000, 0x000000070de00000| Untracked 
| 102|0x000000070e000000, 0x000000070e000000, 0x000000070e200000|  0%| F|  |TAMS 0x000000070e000000, 0x000000070e000000| Untracked 
| 103|0x000000070e200000, 0x000000070e200000, 0x000000070e400000|  0%| F|  |TAMS 0x000000070e200000, 0x000000070e200000| Untracked 
| 104|0x000000070e400000, 0x000000070e400000, 0x000000070e600000|  0%| F|  |TAMS 0x000000070e400000, 0x000000070e400000| Untracked 
| 105|0x000000070e600000, 0x000000070e600000, 0x000000070e800000|  0%| F|  |TAMS 0x000000070e600000, 0x000000070e600000| Untracked 
| 106|0x000000070e800000, 0x000000070e800000, 0x000000070ea00000|  0%| F|  |TAMS 0x000000070e800000, 0x000000070e800000| Untracked 
| 107|0x000000070ea00000, 0x000000070ea00000, 0x000000070ec00000|  0%| F|  |TAMS 0x000000070ea00000, 0x000000070ea00000| Untracked 
| 108|0x000000070ec00000, 0x000000070ec00000, 0x000000070ee00000|  0%| F|  |TAMS 0x000000070ec00000, 0x000000070ec00000| Untracked 
| 109|0x000000070ee00000, 0x000000070ee00000, 0x000000070f000000|  0%| F|  |TAMS 0x000000070ee00000, 0x000000070ee00000| Untracked 
| 110|0x000000070f000000, 0x000000070f000000, 0x000000070f200000|  0%| F|  |TAMS 0x000000070f000000, 0x000000070f000000| Untracked 
| 111|0x000000070f200000, 0x000000070f200000, 0x000000070f400000|  0%| F|  |TAMS 0x000000070f200000, 0x000000070f200000| Untracked 
| 112|0x000000070f400000, 0x000000070f400000, 0x000000070f600000|  0%| F|  |TAMS 0x000000070f400000, 0x000000070f400000| Untracked 
| 113|0x000000070f600000, 0x000000070f600000, 0x000000070f800000|  0%| F|  |TAMS 0x000000070f600000, 0x000000070f600000| Untracked 
| 114|0x000000070f800000, 0x000000070f800000, 0x000000070fa00000|  0%| F|  |TAMS 0x000000070f800000, 0x000000070f800000| Untracked 
| 115|0x000000070fa00000, 0x000000070fa9e408, 0x000000070fc00000| 30%| S|CS|TAMS 0x000000070fa00000, 0x000000070fa00000| Complete 
| 116|0x000000070fc00000, 0x000000070fe00000, 0x000000070fe00000|100%| S|CS|TAMS 0x000000070fc00000, 0x000000070fc00000| Complete 
| 117|0x000000070fe00000, 0x000000070fe00000, 0x0000000710000000|  0%| F|  |TAMS 0x000000070fe00000, 0x000000070fe00000| Untracked 
| 118|0x0000000710000000, 0x0000000710000000, 0x0000000710200000|  0%| F|  |TAMS 0x0000000710000000, 0x0000000710000000| Untracked 
| 119|0x0000000710200000, 0x0000000710200000, 0x0000000710400000|  0%| F|  |TAMS 0x0000000710200000, 0x0000000710200000| Untracked 
| 120|0x0000000710400000, 0x0000000710400000, 0x0000000710600000|  0%| F|  |TAMS 0x0000000710400000, 0x0000000710400000| Untracked 
| 121|0x0000000710600000, 0x0000000710600000, 0x0000000710800000|  0%| F|  |TAMS 0x0000000710600000, 0x0000000710600000| Untracked 
| 122|0x0000000710800000, 0x0000000710800000, 0x0000000710a00000|  0%| F|  |TAMS 0x0000000710800000, 0x0000000710800000| Untracked 
| 123|0x0000000710a00000, 0x0000000710a00000, 0x0000000710c00000|  0%| F|  |TAMS 0x0000000710a00000, 0x0000000710a00000| Untracked 
| 124|0x0000000710c00000, 0x0000000710dcd710, 0x0000000710e00000| 90%| E|  |TAMS 0x0000000710c00000, 0x0000000710c00000| Complete 
| 125|0x0000000710e00000, 0x0000000711000000, 0x0000000711000000|100%| E|CS|TAMS 0x0000000710e00000, 0x0000000710e00000| Complete 
| 126|0x0000000711000000, 0x0000000711200000, 0x0000000711200000|100%| E|CS|TAMS 0x0000000711000000, 0x0000000711000000| Complete 
| 127|0x0000000711200000, 0x0000000711400000, 0x0000000711400000|100%| E|CS|TAMS 0x0000000711200000, 0x0000000711200000| Complete 

Card table byte_map: [0x0000026eda5d0000,0x0000026edadd0000] _byte_map_base: 0x0000026ed6dc6000

Marking Bits (Prev, Next): (CMBitMap*) 0x0000026eca1f6f00, (CMBitMap*) 0x0000026eca1f6f40
 Prev Bits: [0x0000026edb5d0000, 0x0000026edf580000)
 Next Bits: [0x0000026edf580000, 0x0000026ee3530000)

Polling page: 0x0000026ebff90000

Metaspace:

Usage:
  Non-class:      6.73 MB used.
      ui.logic.Class:    764.83 KB used.
       Both:      7.47 MB used.

Virtual space:
  Non-class space:       64.00 MB reserved,       6.88 MB ( 11%) committed,  1 nodes.
      ui.logic.Class space:        1.00 GB reserved,     896.00 KB ( <1%) committed,  1 nodes.
             Both:        1.06 GB reserved,       7.75 MB ( <1%) committed. 

Chunk freelists:
   Non-ui.logic.Class:  1014.00 KB
       ui.logic.Class:  3.11 MB
        Both:  4.10 MB

MaxMetaspaceSize: unlimited
CompressedClassSpaceSize: 1.00 GB
Initial GC threshold: 21.00 MB
Current GC threshold: 21.00 MB
CDS: on
MetaspaceReclaimPolicy: balanced
 - commit_granule_bytes: 65536.
 - commit_granule_words: 8192.
 - virtual_space_node_default_size: 8388608.
 - enlarge_chunks_in_place: 1.
 - new_chunks_are_fully_committed: 0.
 - uncommit_free_chunks: 1.
 - use_allocation_guard: 0.


Internal statistics:

num_allocs_failed_limit: 0.
num_arena_births: 186.
num_arena_deaths: 0.
num_vsnodes_births: 2.
num_vsnodes_deaths: 0.
num_space_committed: 124.
num_space_uncommitted: 0.
num_chunks_returned_to_freelist: 0.
num_chunks_taken_from_freelist: 229.
num_chunk_merges: 0.
num_chunk_splits: 143.
num_chunks_enlarged: 72.
num_inconsistent_stats: 0.

CodeHeap 'non-profiled nmethods': size=120000Kb used=856Kb max_used=856Kb free=119144Kb
 bounds [0x0000026ed1e30000, 0x0000026ed20a0000, 0x0000026ed9360000]
CodeHeap 'profiled nmethods': size=120000Kb used=3550Kb max_used=3550Kb free=116450Kb
 bounds [0x0000026eca360000, 0x0000026eca6e0000, 0x0000026ed1890000]
CodeHeap 'non-nmethods': size=5760Kb used=1283Kb max_used=1307Kb free=4476Kb
 bounds [0x0000026ed1890000, 0x0000026ed1b00000, 0x0000026ed1e30000]
 total_blobs=2262 nmethods=1765 adapters=407
 compilation: enabled
              stopped_count=0, restarted_count=0
 full_count=0

Compilation events (20 events):
Event: 1.284 Thread 0x0000026eca341590 1763       3       java.security.MessageDigest::update (14 bytes)
Event: 1.284 Thread 0x0000026eca341590 nmethod 1763 0x0000026eca6d2a10 code [0x0000026eca6d2bc0, 0x0000026eca6d2ea8]
Event: 1.284 Thread 0x0000026eca341590 1765       3       java.lang.String::getBytes (15 bytes)
Event: 1.284 Thread 0x0000026eca341590 nmethod 1765 0x0000026eca6d3090 code [0x0000026eca6d3260, 0x0000026eca6d3478]
Event: 1.284 Thread 0x0000026eca341590 1766       3       java.lang.String::encode (48 bytes)
Event: 1.284 Thread 0x0000026eca341590 nmethod 1766 0x0000026eca6d3610 code [0x0000026eca6d3800, 0x0000026eca6d3b78]
Event: 1.284 Thread 0x0000026eca341590 1759       3       sun.nio.fs.WindowsPathParser$Result::<init> (20 bytes)
Event: 1.285 Thread 0x0000026eca341590 nmethod 1759 0x0000026eca6d3d90 code [0x0000026eca6d3f40, 0x0000026eca6d41d8]
Event: 1.285 Thread 0x0000026eca341590 1760       3       sun.nio.fs.WindowsPathParser::isLetter (30 bytes)
Event: 1.285 Thread 0x0000026eca341590 nmethod 1760 0x0000026eca6d4310 code [0x0000026eca6d44c0, 0x0000026eca6d46b8]
Event: 1.285 Thread 0x0000026eca341590 1764       3       java.security.MessageDigest$Delegate::engineUpdate (11 bytes)
Event: 1.285 Thread 0x0000026eca341590 nmethod 1764 0x0000026eca6d4810 code [0x0000026eca6d49c0, 0x0000026eca6d4bc8]
Event: 1.290 Thread 0x0000026eca341590 1771       3       java.lang.invoke.InnerClassLambdaMetafactory::getOpcodeOffset (38 bytes)
Event: 1.291 Thread 0x0000026eca341590 nmethod 1771 0x0000026eca6d4d10 code [0x0000026eca6d4ee0, 0x0000026eca6d51b8]
Event: 1.291 Thread 0x0000026eca341590 1772       3       java.lang.invoke.MethodHandles$Lookup::resolveOrFail (48 bytes)
Event: 1.292 Thread 0x0000026eca341590 nmethod 1772 0x0000026eca6d5390 code [0x0000026eca6d55c0, 0x0000026eca6d5c68]
Event: 1.292 Thread 0x0000026eca341590 1773       3       java.lang.invoke.MethodHandles$Lookup::checkMethodName (45 bytes)
Event: 1.292 Thread 0x0000026eca341590 nmethod 1773 0x0000026eca6d6110 code [0x0000026eca6d6340, 0x0000026eca6d6a18]
Event: 1.292 Thread 0x0000026eca341590 1774       3       java.lang.invoke.TypeConvertingMethodAdapter::cast (42 bytes)
Event: 1.293 Thread 0x0000026eca341590 nmethod 1774 0x0000026eca6d6e90 code [0x0000026eca6d7080, 0x0000026eca6d7508]

GC Heap History (2 events):
Event: 0.773 GC heap before
{Heap before GC invocations=0 (full 0):
 garbage-first heap   total 262144K, used 20480K [0x0000000701400000, 0x0000000800000000)
  region size 2048K, 11 young (22528K), 0 survivors (0K)
 Metaspace       used 3932K, committed 4096K, reserved 1114112K
  class space    used 372K, committed 448K, reserved 1048576K
}
Event: 0.776 GC heap after
{Heap after GC invocations=1 (full 0):
 garbage-first heap   total 262144K, used 2681K [0x0000000701400000, 0x0000000800000000)
  region size 2048K, 2 young (4096K), 2 survivors (4096K)
 Metaspace       used 3932K, committed 4096K, reserved 1114112K
  class space    used 372K, committed 448K, reserved 1048576K
}

Dll operation events (12 events):
Event: 0.014 Loaded shared library C:\Users\Kacper\.jdks\openjdk-19\bin\java.dll
Event: 0.024 Loaded shared library C:\Users\Kacper\.jdks\openjdk-19\bin\jsvml.dll
Event: 0.095 Loaded shared library C:\Users\Kacper\.jdks\openjdk-19\bin\zip.dll
Event: 0.099 Loaded shared library C:\Users\Kacper\.jdks\openjdk-19\bin\instrument.dll
Event: 0.108 Loaded shared library C:\Users\Kacper\.jdks\openjdk-19\bin\net.dll
Event: 0.111 Loaded shared library C:\Users\Kacper\.jdks\openjdk-19\bin\nio.dll
Event: 0.116 Loaded shared library C:\Users\Kacper\.jdks\openjdk-19\bin\zip.dll
Event: 0.130 Loaded shared library D:\IntelliJ IDEA 2022.2.3\bin\breakgen64.dll
Event: 0.142 Loaded shared library C:\Users\Kacper\.jdks\openjdk-19\bin\extnet.dll
Event: 0.198 Loaded shared library C:\Users\Kacper\.jdks\openjdk-19\bin\jimage.dll
Event: 1.066 Loaded shared library C:\Users\Kacper\.jdks\openjdk-19\bin\management.dll
Event: 1.078 Loaded shared library C:\Users\Kacper\.jdks\openjdk-19\bin\management_ext.dll

Deoptimization events (20 events):
Event: 1.140 Thread 0x0000026eca333300 Uncommon trap: trap_request=0xffffff45 fr.pc=0x0000026ed1e7ab48 relative=0x00000000000000a8
Event: 1.140 Thread 0x0000026eca333300 Uncommon trap: reason=unstable_if action=reinterpret pc=0x0000026ed1e7ab48 method=java.lang.CharacterDataLatin1.isWhitespace(I)Z @ 14 c2
Event: 1.140 Thread 0x0000026eca333300 DEOPT PACKING pc=0x0000026ed1e7ab48 sp=0x000000aefa2fd230
Event: 1.140 Thread 0x0000026eca333300 DEOPT UNPACKING pc=0x0000026ed18f6da3 sp=0x000000aefa2fd1d0 mode 2
Event: 1.162 Thread 0x0000026eca333300 Uncommon trap: trap_request=0xffffffde fr.pc=0x0000026ed1edee50 relative=0x0000000000000550
Event: 1.162 Thread 0x0000026eca333300 Uncommon trap: reason=class_check action=maybe_recompile pc=0x0000026ed1edee50 method=java.util.regex.Pattern$Start.match(Ljava/util/regex/Matcher;ILjava/lang/CharSequence;)Z @ 44 c2
Event: 1.162 Thread 0x0000026eca333300 DEOPT PACKING pc=0x0000026ed1edee50 sp=0x000000aefa2fd4d0
Event: 1.162 Thread 0x0000026eca333300 DEOPT UNPACKING pc=0x0000026ed18f6da3 sp=0x000000aefa2fd430 mode 2
Event: 1.162 Thread 0x0000026eca333300 Uncommon trap: trap_request=0xffffffde fr.pc=0x0000026ed1edee50 relative=0x0000000000000550
Event: 1.162 Thread 0x0000026eca333300 Uncommon trap: reason=class_check action=maybe_recompile pc=0x0000026ed1edee50 method=java.util.regex.Pattern$Start.match(Ljava/util/regex/Matcher;ILjava/lang/CharSequence;)Z @ 44 c2
Event: 1.162 Thread 0x0000026eca333300 DEOPT PACKING pc=0x0000026ed1edee50 sp=0x000000aefa2fd4d0
Event: 1.162 Thread 0x0000026eca333300 DEOPT UNPACKING pc=0x0000026ed18f6da3 sp=0x000000aefa2fd430 mode 2
Event: 1.162 Thread 0x0000026eca333300 Uncommon trap: trap_request=0xffffffde fr.pc=0x0000026ed1edee50 relative=0x0000000000000550
Event: 1.162 Thread 0x0000026eca333300 Uncommon trap: reason=class_check action=maybe_recompile pc=0x0000026ed1edee50 method=java.util.regex.Pattern$Start.match(Ljava/util/regex/Matcher;ILjava/lang/CharSequence;)Z @ 44 c2
Event: 1.162 Thread 0x0000026eca333300 DEOPT PACKING pc=0x0000026ed1edee50 sp=0x000000aefa2fd4d0
Event: 1.162 Thread 0x0000026eca333300 DEOPT UNPACKING pc=0x0000026ed18f6da3 sp=0x000000aefa2fd430 mode 2
Event: 1.162 Thread 0x0000026eca333300 Uncommon trap: trap_request=0xffffffde fr.pc=0x0000026ed1edee50 relative=0x0000000000000550
Event: 1.162 Thread 0x0000026eca333300 Uncommon trap: reason=class_check action=maybe_recompile pc=0x0000026ed1edee50 method=java.util.regex.Pattern$Start.match(Ljava/util/regex/Matcher;ILjava/lang/CharSequence;)Z @ 44 c2
Event: 1.162 Thread 0x0000026eca333300 DEOPT PACKING pc=0x0000026ed1edee50 sp=0x000000aefa2fd4d0
Event: 1.162 Thread 0x0000026eca333300 DEOPT UNPACKING pc=0x0000026ed18f6da3 sp=0x000000aefa2fd430 mode 2

Classes loaded (20 events):
Event: 1.293 Loading class java/util/concurrent/BlockingQueue
Event: 1.293 Loading class java/util/concurrent/BlockingQueue done
Event: 1.293 Loading class java/util/AbstractQueue
Event: 1.293 Loading class java/util/AbstractQueue done
Event: 1.293 Loading class java/util/concurrent/SynchronousQueue done
Event: 1.293 Loading class java/util/concurrent/SynchronousQueue$TransferStack
Event: 1.293 Loading class java/util/concurrent/SynchronousQueue$Transferer
Event: 1.293 Loading class java/util/concurrent/SynchronousQueue$Transferer done
Event: 1.293 Loading class java/util/concurrent/SynchronousQueue$TransferStack done
Event: 1.293 Loading class java/util/concurrent/SynchronousQueue$TransferStack$SNode
Event: 1.293 Loading class java/util/concurrent/SynchronousQueue$TransferStack$SNode done
Event: 1.293 Loading class sun/rmi/transport/tcp/TCPTransport$1
Event: 1.294 Loading class sun/rmi/transport/tcp/TCPTransport$1 done
Event: 1.294 Loading class java/rmi/server/RMISocketFactory
Event: 1.294 Loading class java/rmi/server/RMIClientSocketFactory
Event: 1.294 Loading class java/rmi/server/RMIClientSocketFactory done
Event: 1.294 Loading class java/rmi/server/RMISocketFactory done
Event: 1.294 Loading class sun/rmi/transport/tcp/TCPDirectSocketFactory
Event: 1.294 Loading class sun/rmi/transport/tcp/TCPDirectSocketFactory done
Event: 1.294 Loading class sun/rmi/server/UnicastRef2

Classes unloaded (0 events):
No events

Classes redefined (20 events):
Event: 0.595 Thread 0x0000026eca313610 redefined class name=sun.nio.ch.FileChannelImpl, count=1
Event: 0.595 Thread 0x0000026eca313610 redefined class name=java.net.Socket$SocketInputStream, count=1
Event: 0.595 Thread 0x0000026eca313610 redefined class name=java.net.Socket$SocketOutputStream, count=1
Event: 0.595 Thread 0x0000026eca313610 redefined class name=sun.nio.ch.SocketChannelImpl, count=1
Event: 0.595 Thread 0x0000026eca313610 redefined class name=java.lang.Throwable, count=1
Event: 0.595 Thread 0x0000026eca313610 redefined class name=java.lang.Error, count=2
Event: 0.698 Thread 0x0000026eca313610 redefined class name=jdk.internal.event.VirtualThreadSubmitFailedEvent, count=1
Event: 0.698 Thread 0x0000026eca313610 redefined class name=jdk.internal.event.VirtualThreadPinnedEvent, count=1
Event: 0.698 Thread 0x0000026eca313610 redefined class name=jdk.internal.event.ThreadSleepEvent, count=1
Event: 0.698 Thread 0x0000026eca313610 redefined class name=jdk.internal.event.ProcessStartEvent, count=1
Event: 0.698 Thread 0x0000026eca313610 redefined class name=jdk.jfr.events.DirectBufferStatisticsEvent, count=1
Event: 0.698 Thread 0x0000026eca313610 redefined class name=jdk.jfr.events.ActiveRecordingEvent, count=1
Event: 0.698 Thread 0x0000026eca313610 redefined class name=jdk.jfr.events.ActiveSettingEvent, count=1
Event: 0.698 Thread 0x0000026eca313610 redefined class name=jdk.jfr.events.ErrorThrownEvent, count=1
Event: 0.698 Thread 0x0000026eca313610 redefined class name=jdk.jfr.events.ExceptionStatisticsEvent, count=1
Event: 0.698 Thread 0x0000026eca313610 redefined class name=jdk.jfr.events.SocketWriteEvent, count=1
Event: 0.698 Thread 0x0000026eca313610 redefined class name=jdk.jfr.events.SocketReadEvent, count=1
Event: 0.698 Thread 0x0000026eca313610 redefined class name=jdk.jfr.events.FileWriteEvent, count=1
Event: 0.698 Thread 0x0000026eca313610 redefined class name=jdk.jfr.events.FileReadEvent, count=1
Event: 0.698 Thread 0x0000026eca313610 redefined class name=jdk.jfr.events.FileForceEvent, count=1

Internal exceptions (20 events):
Event: 0.603 Thread 0x0000026ec1fd8070 Exception <a 'java/lang/NoSuchMethodError'{0x00000007102b7d50}: 'void java.lang.invoke.DirectMethodHandle$Holder.invokeStatic(java.lang.Object, java.lang.Object, int)'> (0x00000007102b7d50) 
thrown [s\open\src\hotspot\share\interpreter\linkResolver.cpp, line 774]
Event: 0.603 Thread 0x0000026ec1fd8070 Exception <a 'java/lang/NoSuchMethodError'{0x00000007102bdca0}: 'java.lang.Object java.lang.invoke.DirectMethodHandle$Holder.newInvokeSpecial(java.lang.Object, java.lang.Object, int)'> (0x00000007102bdca0) 
thrown [s\open\src\hotspot\share\interpreter\linkResolver.cpp, line 774]
Event: 0.610 Thread 0x0000026ec1fd8070 Exception <a 'sun/nio/fs/WindowsException'{0x00000007102cfee8}> (0x00000007102cfee8) 
thrown [s\open\src\hotspot\share\prims\jni.cpp, line 517]
Event: 0.610 Thread 0x0000026ec1fd8070 Exception <a 'sun/nio/fs/WindowsException'{0x00000007102d0118}> (0x00000007102d0118) 
thrown [s\open\src\hotspot\share\prims\jni.cpp, line 517]
Event: 0.615 Thread 0x0000026ec1fd8070 Exception <a 'sun/nio/fs/WindowsException'{0x00000007102d82f0}> (0x00000007102d82f0) 
thrown [s\open\src\hotspot\share\prims\jni.cpp, line 517]
Event: 0.615 Thread 0x0000026ec1fd8070 Exception <a 'sun/nio/fs/WindowsException'{0x00000007102d8588}> (0x00000007102d8588) 
thrown [s\open\src\hotspot\share\prims\jni.cpp, line 517]
Event: 0.623 Thread 0x0000026ec1fd8070 Exception <a 'sun/nio/fs/WindowsException'{0x00000007102e0cb8}> (0x00000007102e0cb8) 
thrown [s\open\src\hotspot\share\prims\jni.cpp, line 517]
Event: 0.623 Thread 0x0000026ec1fd8070 Exception <a 'sun/nio/fs/WindowsException'{0x00000007102e0fe0}> (0x00000007102e0fe0) 
thrown [s\open\src\hotspot\share\prims\jni.cpp, line 517]
Event: 0.628 Thread 0x0000026ec1fd8070 Exception <a 'java/lang/NoSuchMethodError'{0x00000007102e95b0}: 'void java.lang.invoke.DirectMethodHandle$Holder.invokeSpecial(java.lang.Object, java.lang.Object, java.lang.Object)'> (0x00000007102e95b0) 
thrown [s\open\src\hotspot\share\interpreter\linkResolver.cpp, line 774]
Event: 0.986 Thread 0x0000026eeb9b0bc0 Exception <a 'java/lang/NoSuchMethodError'{0x000000071100b1b0}: 'java.lang.Object java.lang.invoke.DirectMethodHandle$Holder.invokeStaticInit(java.lang.Object)'> (0x000000071100b1b0) 
thrown [s\open\src\hotspot\share\interpreter\linkResolver.cpp, line 774]
Event: 0.989 Thread 0x0000026eeb9b0bc0 Exception <a 'java/lang/NoSuchMethodError'{0x0000000711016a58}: 'int java.lang.invoke.DirectMethodHandle$Holder.invokeSpecial(java.lang.Object, java.lang.Object, java.lang.Object, int)'> (0x0000000711016a58) 
thrown [s\open\src\hotspot\share\interpreter\linkResolver.cpp, line 774]
Event: 0.992 Thread 0x0000026eeb9b0bc0 Exception <a 'java/lang/NoSuchMethodError'{0x00000007110291f8}: 'java.lang.Object java.lang.invoke.DirectMethodHandle$Holder.invokeStatic(java.lang.Object, java.lang.Object, java.lang.Object, java.lang.Object, int)'> (0x00000007110291f8) 
thrown [s\open\src\hotspot\share\interpreter\linkResolver.cpp, line 774]
Event: 0.995 Thread 0x0000026eeb9b0bc0 Exception <a 'java/lang/NoSuchMethodError'{0x0000000711030e80}: 'long java.lang.invoke.DirectMethodHandle$Holder.invokeStatic(java.lang.Object, java.lang.Object, int)'> (0x0000000711030e80) 
thrown [s\open\src\hotspot\share\interpreter\linkResolver.cpp, line 774]
Event: 1.000 Thread 0x0000026eeb9b0bc0 Exception <a 'java/lang/NoSuchMethodError'{0x000000071103c688}: 'java.lang.Object java.lang.invoke.DelegatingMethodHandle$Holder.reinvoke_L(java.lang.Object, int, long, java.lang.Object, java.lang.Object, int, java.lang.Object)'> (0x000000071103c688) 
thrown [s\open\src\hotspot\share\interpreter\linkResolver.cpp, line 774]
Event: 1.006 Thread 0x0000026eeb9b0bc0 Exception <a 'java/lang/NoSuchMethodError'{0x0000000711061390}: 'java.lang.Object java.lang.invoke.DirectMethodHandle$Holder.invokeStatic(java.lang.Object, java.lang.Object, int)'> (0x0000000711061390) 
thrown [s\open\src\hotspot\share\interpreter\linkResolver.cpp, line 774]
Event: 1.006 Thread 0x0000026eeb9b0bc0 Exception <a 'java/lang/NoSuchMethodError'{0x000000071106c980}: 'void java.lang.invoke.DelegatingMethodHandle$Holder.delegate(java.lang.Object, java.lang.Object, int, java.lang.Object)'> (0x000000071106c980) 
thrown [s\open\src\hotspot\share\interpreter\linkResolver.cpp, line 774]
Event: 1.081 Thread 0x0000026eca333300 Exception <a 'java/lang/NoSuchMethodError'{0x000000071112b250}: 'int java.lang.invoke.DirectMethodHandle$Holder.invokeInterface(java.lang.Object, java.lang.Object)'> (0x000000071112b250) 
thrown [s\open\src\hotspot\share\interpreter\linkResolver.cpp, line 774]
Event: 1.081 Thread 0x0000026eca333300 Exception <a 'java/lang/IncompatibleClassChangeError'{0x000000071112e738}: Found class java.lang.Object, but interface was expected> (0x000000071112e738) 
thrown [s\open\src\hotspot\share\interpreter\linkResolver.cpp, line 841]
Event: 1.231 Thread 0x0000026eca333300 Exception <a 'java/lang/NoSuchMethodError'{0x0000000710cfdd00}: 'java.lang.Object java.lang.invoke.DirectMethodHandle$Holder.invokeStaticInit(java.lang.Object, int, int, int, int)'> (0x0000000710cfdd00) 
thrown [s\open\src\hotspot\share\interpreter\linkResolver.cpp, line 774]
Event: 1.284 Thread 0x0000026eca333300 Exception <a 'java/lang/NoSuchMethodError'{0x0000000710d74ab8}: 'java.lang.Object java.lang.invoke.DirectMethodHandle$Holder.invokeStaticInit(java.lang.Object, java.lang.Object, int, int, int, int)'> (0x0000000710d74ab8) 
thrown [s\open\src\hotspot\share\interpreter\linkResolver.cpp, line 774]

VM Operations (20 events):
Event: 0.773 Executing VM operation: G1CollectForAllocation
Event: 0.777 Executing VM operation: G1CollectForAllocation done
Event: 0.777 Executing VM operation: HandshakeAllThreads
Event: 0.777 Executing VM operation: HandshakeAllThreads done
Event: 0.807 Executing VM operation: HandshakeAllThreads
Event: 0.809 Executing VM operation: HandshakeAllThreads done
Event: 0.974 Executing VM operation: ClassLoaderStatsOperation
Event: 0.974 Executing VM operation: ClassLoaderStatsOperation done
Event: 0.977 Executing VM operation: JFRCheckpoint
Event: 0.977 Executing VM operation: JFRCheckpoint done
Event: 0.982 Executing VM operation: JFROldObject
Event: 0.982 Executing VM operation: JFROldObject done
Event: 1.071 Executing VM operation: HandshakeAllThreads
Event: 1.071 Executing VM operation: HandshakeAllThreads done
Event: 1.071 Executing VM operation: HandshakeAllThreads
Event: 1.071 Executing VM operation: HandshakeAllThreads done
Event: 1.211 Executing VM operation: HandshakeAllThreads
Event: 1.211 Executing VM operation: HandshakeAllThreads done
Event: 1.218 Executing VM operation: HandshakeAllThreads
Event: 1.218 Executing VM operation: HandshakeAllThreads done

Events (20 events):
Event: 0.042 Thread 0x0000026eca339bf0 Thread added: 0x0000026eca339bf0
Event: 0.042 Thread 0x0000026eca341590 Thread added: 0x0000026eca341590
Event: 0.042 Thread 0x0000026eca34e370 Thread added: 0x0000026eca34e370
Event: 0.072 Thread 0x0000026ee6014330 Thread added: 0x0000026ee6014330
Event: 0.131 Thread 0x0000026ee6240fb0 Thread added: 0x0000026ee6240fb0
Event: 0.194 Thread 0x0000026eea5686c0 Thread added: 0x0000026eea5686c0
Event: 0.214 Thread 0x0000026eeabd44a0 Thread added: 0x0000026eeabd44a0
Event: 0.284 Thread 0x0000026eea569770 Thread added: 0x0000026eea569770
Event: 0.604 Thread 0x0000026eeb4457c0 Thread added: 0x0000026eeb4457c0
Event: 0.770 Thread 0x0000026eeb9b6380 Thread added: 0x0000026eeb9b6380
Event: 0.770 Thread 0x0000026eeb9b71f0 Thread added: 0x0000026eeb9b71f0
Event: 0.771 Thread 0x0000026eebed5680 Thread added: 0x0000026eebed5680
Event: 0.771 Thread 0x0000026eeb9b3b90 Thread added: 0x0000026eeb9b3b90
Event: 0.846 Thread 0x0000026ec1fd8070 Thread exited: 0x0000026ec1fd8070
Event: 0.846 Thread 0x0000026eeb9b40e0 Thread added: 0x0000026eeb9b40e0
Event: 0.846 Thread 0x0000026eeb9b0bc0 Thread added: 0x0000026eeb9b0bc0
Event: 0.982 Thread 0x0000026eea569770 Thread exited: 0x0000026eea569770
Event: 1.012 Thread 0x0000026eeb9b71f0 Thread exited: 0x0000026eeb9b71f0
Event: 1.013 Thread 0x0000026eeb9b6380 Thread exited: 0x0000026eeb9b6380
Event: 1.154 Thread 0x0000026eea56b340 Thread added: 0x0000026eea56b340


Dynamic libraries:
0x00007ff6ba280000 - 0x00007ff6ba28e000 	C:\Users\Kacper\.jdks\openjdk-19\bin\java.exe
0x00007ffe06730000 - 0x00007ffe06928000 	C:\WINDOWS\SYSTEM32\ntdll.dll
0x00007ffe06630000 - 0x00007ffe066ed000 	C:\WINDOWS\System32\KERNEL32.DLL
0x00007ffe03e40000 - 0x00007ffe04112000 	C:\WINDOWS\System32\KERNELBASE.dll
0x00007ffe045f0000 - 0x00007ffe046f0000 	C:\WINDOWS\System32\ucrtbase.dll
0x00007ffdfd5c0000 - 0x00007ffdfd5d7000 	C:\Users\Kacper\.jdks\openjdk-19\bin\jli.dll
0x00007ffdfd5a0000 - 0x00007ffdfd5bb000 	C:\Users\Kacper\.jdks\openjdk-19\bin\VCRUNTIME140.dll
0x00007ffe04790000 - 0x00007ffe0492d000 	C:\WINDOWS\System32\USER32.dll
0x00007ffe04120000 - 0x00007ffe04142000 	C:\WINDOWS\System32\win32u.dll
0x00007ffdf5b80000 - 0x00007ffdf5e1a000 	C:\WINDOWS\WinSxS\amd64_microsoft.windows.common-controls_6595b64144ccf1df_6.0.19041.1110_none_60b5254171f9507e\COMCTL32.dll
0x00007ffe04e10000 - 0x00007ffe04e3b000 	C:\WINDOWS\System32\GDI32.dll
0x00007ffe04400000 - 0x00007ffe0450f000 	C:\WINDOWS\System32\gdi32full.dll
0x00007ffe04930000 - 0x00007ffe049ce000 	C:\WINDOWS\System32\msvcrt.dll
0x00007ffe046f0000 - 0x00007ffe0478d000 	C:\WINDOWS\System32\msvcp_win.dll
0x00007ffe052e0000 - 0x00007ffe05310000 	C:\WINDOWS\System32\IMM32.DLL
0x00007ffdfe640000 - 0x00007ffdfe64c000 	C:\Users\Kacper\.jdks\openjdk-19\bin\vcruntime140_1.dll
0x00007ffdee240000 - 0x00007ffdee2ce000 	C:\Users\Kacper\.jdks\openjdk-19\bin\msvcp140.dll
0x00007ffdc9bc0000 - 0x00007ffdca880000 	C:\Users\Kacper\.jdks\openjdk-19\bin\server\jvm.dll
0x00007ffe05580000 - 0x00007ffe0562e000 	C:\WINDOWS\System32\ADVAPI32.dll
0x00007ffe049d0000 - 0x00007ffe04a6c000 	C:\WINDOWS\System32\sechost.dll
0x00007ffe05450000 - 0x00007ffe05575000 	C:\WINDOWS\System32\RPCRT4.dll
0x00007ffdef9c0000 - 0x00007ffdef9c9000 	C:\WINDOWS\SYSTEM32\WSOCK32.dll
0x00007ffdf5fd0000 - 0x00007ffdf5ff7000 	C:\WINDOWS\SYSTEM32\WINMM.dll
0x00007ffdfb3e0000 - 0x00007ffdfb3ea000 	C:\WINDOWS\SYSTEM32\VERSION.dll
0x00007ffe05870000 - 0x00007ffe058db000 	C:\WINDOWS\System32\WS2_32.dll
0x00007ffe02630000 - 0x00007ffe02642000 	C:\WINDOWS\SYSTEM32\kernel.appcore.dll
0x00007ffdfd590000 - 0x00007ffdfd59a000 	C:\Users\Kacper\.jdks\openjdk-19\bin\jimage.dll
0x00007ffdefd90000 - 0x00007ffdeff74000 	C:\WINDOWS\SYSTEM32\DBGHELP.DLL
0x00007ffdf0010000 - 0x00007ffdf003c000 	C:\WINDOWS\SYSTEM32\dbgcore.DLL
0x00007ffe04510000 - 0x00007ffe04592000 	C:\WINDOWS\System32\bcryptPrimitives.dll
0x00007ffdfd580000 - 0x00007ffdfd58e000 	C:\Users\Kacper\.jdks\openjdk-19\bin\instrument.dll
0x00007ffdf4e90000 - 0x00007ffdf4eb6000 	C:\Users\Kacper\.jdks\openjdk-19\bin\java.dll
0x00007ffdceab0000 - 0x00007ffdceb4f000 	C:\Users\Kacper\AppData\Local\Temp\libasyncProfiler.dll
0x00007ffe05320000 - 0x00007ffe0544a000 	C:\WINDOWS\System32\ole32.dll
0x00007ffe04f80000 - 0x00007ffe052d4000 	C:\WINDOWS\System32\combase.dll
0x00007ffe04b10000 - 0x00007ffe04bdd000 	C:\WINDOWS\System32\OLEAUT32.dll
0x00007ffe04f20000 - 0x00007ffe04f75000 	C:\WINDOWS\System32\SHLWAPI.dll
0x00007ffdce800000 - 0x00007ffdce8d7000 	C:\Users\Kacper\.jdks\openjdk-19\bin\jsvml.dll
0x00007ffe05e00000 - 0x00007ffe06543000 	C:\WINDOWS\System32\SHELL32.dll
0x00007ffe01e80000 - 0x00007ffe02611000 	C:\WINDOWS\SYSTEM32\windows.storage.dll
0x00007ffe037c0000 - 0x00007ffe037f0000 	C:\WINDOWS\SYSTEM32\Wldp.dll
0x00007ffe058e0000 - 0x00007ffe0598d000 	C:\WINDOWS\System32\SHCORE.dll
0x00007ffe03d80000 - 0x00007ffe03d9f000 	C:\WINDOWS\SYSTEM32\profapi.dll
0x00007ffdf8490000 - 0x00007ffdf84a8000 	C:\Users\Kacper\.jdks\openjdk-19\bin\zip.dll
0x00007ffdf8640000 - 0x00007ffdf8653000 	C:\Users\Kacper\.jdks\openjdk-19\bin\net.dll
0x00007ffdfc1e0000 - 0x00007ffdfc2ed000 	C:\WINDOWS\SYSTEM32\WINHTTP.dll
0x00007ffe035a0000 - 0x00007ffe0360a000 	C:\WINDOWS\system32\mswsock.dll
0x00007ffdf8570000 - 0x00007ffdf8586000 	C:\Users\Kacper\.jdks\openjdk-19\bin\nio.dll
0x00007ffdf4e70000 - 0x00007ffdf4e8a000 	D:\IntelliJ IDEA 2022.2.3\bin\breakgen64.dll
0x00007ffdfd570000 - 0x00007ffdfd578000 	C:\Users\Kacper\.jdks\openjdk-19\bin\extnet.dll
0x00007ffdcd7d0000 - 0x00007ffdcd943000 	C:\Users\Kacper\AppData\Local\Temp\idea_msdia140_dll_temp_folder2\msdia140.dll
0x00007ffe032b0000 - 0x00007ffe0337a000 	C:\WINDOWS\SYSTEM32\DNSAPI.dll
0x00007ffe03260000 - 0x00007ffe0329b000 	C:\WINDOWS\SYSTEM32\IPHLPAPI.DLL
0x00007ffe04f10000 - 0x00007ffe04f18000 	C:\WINDOWS\System32\NSI.dll
0x00007ffdf5370000 - 0x00007ffdf537a000 	C:\Windows\System32\rasadhlp.dll
0x00007ffdfbcf0000 - 0x00007ffdfbd70000 	C:\WINDOWS\System32\fwpuclnt.dll
0x00007ffe043d0000 - 0x00007ffe043f7000 	C:\WINDOWS\System32\bcrypt.dll
0x00007ffdfd0e0000 - 0x00007ffdfd0ea000 	C:\Users\Kacper\.jdks\openjdk-19\bin\management.dll
0x00007ffdfcf60000 - 0x00007ffdfcf6b000 	C:\Users\Kacper\.jdks\openjdk-19\bin\management_ext.dll
0x00007ffe05310000 - 0x00007ffe05318000 	C:\WINDOWS\System32\PSAPI.DLL
0x00007ffe03b00000 - 0x00007ffe03b18000 	C:\WINDOWS\SYSTEM32\CRYPTSP.dll
0x00007ffe02e70000 - 0x00007ffe02ea4000 	C:\WINDOWS\system32\rsaenh.dll
0x00007ffe03d40000 - 0x00007ffe03d6e000 	C:\WINDOWS\SYSTEM32\USERENV.dll
0x00007ffe03730000 - 0x00007ffe0373c000 	C:\WINDOWS\SYSTEM32\CRYPTBASE.dll
0x00007ffdfd820000 - 0x00007ffdfd837000 	C:\WINDOWS\SYSTEM32\dhcpcsvc6.DLL
0x00007ffdfd800000 - 0x00007ffdfd81d000 	C:\WINDOWS\SYSTEM32\dhcpcsvc.DLL
0x00007ffdaa4b0000 - 0x00007ffdaa4c7000 	C:\WINDOWS\system32\napinsp.dll
0x00007ffdaa490000 - 0x00007ffdaa4ab000 	C:\WINDOWS\system32\pnrpnsp.dll
0x00007ffdfe620000 - 0x00007ffdfe635000 	C:\WINDOWS\system32\wshbth.dll
0x00007ffdffa50000 - 0x00007ffdffa6d000 	C:\WINDOWS\system32\NLAapi.dll
0x00007ffdaa470000 - 0x00007ffdaa482000 	C:\WINDOWS\System32\winrnr.dll

dbghelp: loaded successfully - version: 4.0.5 - missing functions: none
symbol engine: initialized successfully - sym options: 0x614 - pdb path: .;C:\Users\Kacper\.jdks\openjdk-19\bin;C:\WINDOWS\SYSTEM32;C:\WINDOWS\WinSxS\amd64_microsoft.windows.common-controls_6595b64144ccf1df_6.0.19041.1110_none_60b5254171f9507e;C:\Users\Kacper\.jdks\openjdk-19\bin\server;C:\Users\Kacper\AppData\Local\Temp;D:\IntelliJ IDEA 2022.2.3\bin;C:\Users\Kacper\AppData\Local\Temp\idea_msdia140_dll_temp_folder2

VM Arguments:
jvm_args: -javaagent:D:\IntelliJ IDEA 2022.2.3\lib\idea_rt.jar=59538:D:\IntelliJ IDEA 2022.2.3\bin -agentpath:C:\Users\Kacper\AppData\Local\Temp\libasyncProfiler.dll=start,jfr,libdia=C:\Users\Kacper\AppData\Local\Temp\idea_msdia140_dll_temp_folder2\msdia140.dll,event=cpu,interval=1ms,jfrsync=profile,file=C:\Users\Kacper\Main_2022_10_27_185343.jfr -Dfile.encoding=UTF-8 -Dsun.stdout.encoding=UTF-8 -Dsun.stderr.encoding=UTF-8 
java_command: Main
java_class_path (initial): C:\Users\Kacper\Desktop\drugi program\out\production\drugi program
Launcher Type: SUN_STANDARD

[Global flags]
     intx CICompilerCount                          = 4                                         {product} {ergonomic}
     uint ConcGCThreads                            = 2                                         {product} {ergonomic}
     bool FlightRecorder                           = true                                      {product} {management}
     uint G1ConcRefinementThreads                  = 8                                         {product} {ergonomic}
   size_t G1HeapRegionSize                         = 2097152                                   {product} {ergonomic}
    uintx GCDrainStackTargetSize                   = 64                                        {product} {ergonomic}
   size_t InitialHeapSize                          = 268435456                                 {product} {ergonomic}
   size_t MarkStackSize                            = 4194304                                   {product} {ergonomic}
   size_t MaxHeapSize                              = 4273995776                                {product} {ergonomic}
   size_t MaxNewSize                               = 2562719744                                {product} {ergonomic}
   size_t MinHeapDeltaBytes                        = 2097152                                   {product} {ergonomic}
   size_t MinHeapSize                              = 8388608                                   {product} {ergonomic}
    uintx NonNMethodCodeHeapSize                   = 5839372                                {pd product} {ergonomic}
    uintx NonProfiledCodeHeapSize                  = 122909434                              {pd product} {ergonomic}
    uintx ProfiledCodeHeapSize                     = 122909434                              {pd product} {ergonomic}
    uintx ReservedCodeCacheSize                    = 251658240                              {pd product} {ergonomic}
     bool SegmentedCodeCache                       = true                                      {product} {ergonomic}
   size_t SoftMaxHeapSize                          = 4273995776                             {manageable} {ergonomic}
     bool UseCompressedClassPointers               = true                           {product lp64_product} {ergonomic}
     bool UseCompressedOops                        = true                           {product lp64_product} {ergonomic}
     bool UseG1GC                                  = true                                      {product} {ergonomic}
     bool UseLargePagesIndividualAllocation        = false                                  {pd product} {ergonomic}

Logging:
Log output configuration:
 #0: stdout all=warning uptime,level,tags foldmultilines=false
 #1: stderr all=off uptime,level,tags foldmultilines=false

Environment Variables:
PATH=C:\Program Files (x86)\Common Files\Oracle\Java\javapath;C:\Program Files (x86)\NVIDIA Corporation\PhysX\Common;C:\WINDOWS\system32;C:\WINDOWS;C:\WINDOWS\System32\Wbem;C:\WINDOWS\System32\WindowsPowerShell\v1.0\;C:\WINDOWS\System32\OpenSSH\;C:\Program Files\PuTTY\;C:\Program Files\Docker\Docker\resources\bin;C:\ProgramData\DockerDesktop\version-bin;D:\Git\cmd;D:\bin;C:\Users\Kacper\AppData\Local\Microsoft\WindowsApps;C:\Users\Kacper\AppData\Local\Microsoft\WindowsApps;C:\Users\Kacper\AppData\Local\gitkraken\bin
USERNAME=Kacper
OS=Windows_NT
PROCESSOR_IDENTIFIER=Intel64 Family 6 Model 60 Stepping 3, GenuineIntel
TMP=C:\Users\Kacper\AppData\Local\Temp
TEMP=C:\Users\Kacper\AppData\Local\Temp



---------------  S Y S T E M  ---------------

OS:
 Windows 10 , 64 bit Build 19041 (10.0.19041.1889)
OS uptime: 3 days 16:03 hours
Hyper-V role detected

CPU: total 8 (initial active 8) (4 cores per cpu, 2 threads per core) family 6 model 60 stepping 3 microcode 0x27, cx8, cmov, fxsr, ht, mmx, sse, sse2, sse3, ssse3, sse4.1, sse4.2, popcnt, lzcnt, tsc, tscinvbit, avx, avx2, aes, erms, clmul, bmi1, bmi2, fma, vzeroupper, clflush, hv, rdtscp

Memory: 4k page, system-wide physical 16303M (4512M free)
TotalPageFile size 23471M (AvailPageFile size 3833M)
current process WorkingSet (physical memory assigned to process): 97M, peak: 97M
current process commit charge ("private bytes"): 399M, peak: 399M

vm_info: OpenJDK 64-Bit Server VM (19+36-2238) for windows-amd64 JRE (19+36-2238), built on 2022-08-12T20:29:01Z by "mach5one" with MS VC++ 17.1 (VS2022)

END.
